2023-10-25T00:13:45.920Z 0: 

----------------------------------------------
2023-10-25T00:13:45.937Z 1: Discord starting: {"releaseChannel":"stable","version":"0.0.32"}, modulepath: /home/cjsmith/.config/discord/0.0.32/modules
2023-10-25T00:13:45.940Z 2: ✅ webContents.created web1 ""
2023-10-25T00:13:45.943Z 3: ✅ window.created win1 "discord"
2023-10-25T00:13:46.176Z 4: ✅ webContents.did-finish-load web1
2023-10-25T00:13:54.960Z 5: ✅ webContents.created web2 ""
2023-10-25T00:13:54.977Z 6: ✅ window.created win2 "Discord"
2023-10-25T00:14:00.100Z 7: ✅ webContents.did-finish-load web2
2023-10-25T00:14:00.200Z 8: window.close win1
2023-10-25T00:14:00.215Z 9: webContents.destroyed web1
2023-10-25T00:14:00.218Z 10: window.closed win1
2023-10-25T00:28:44.561Z 11: window.close win2
2023-10-25T00:28:44.596Z 12: ❌ child-process-gone {
  type: 'Utility',
  reason: 'killed',
  exitCode: 15,
  serviceName: 'audio.mojom.AudioService',
  name: 'Audio Service'
}
2023-10-25T00:28:44.668Z 13: ❌ child-process-gone {
  type: 'Utility',
  reason: 'killed',
  exitCode: 15,
  serviceName: 'network.mojom.NetworkService',
  name: 'Network Service'
}
2023-10-25T00:28:44.676Z 14: ❌ render-process-gone { reason: 'killed', exitCode: 15 }
2023-10-25T01:24:04.213Z 0: 

----------------------------------------------
2023-10-25T01:24:04.254Z 1: Discord starting: {"releaseChannel":"stable","version":"0.0.32"}, modulepath: /home/cjsmith/.config/discord/0.0.32/modules
2023-10-25T01:24:04.259Z 2: ✅ webContents.created web1 ""
2023-10-25T01:24:04.264Z 3: ✅ window.created win1 "discord"
2023-10-25T01:24:04.613Z 4: ✅ webContents.did-finish-load web1
2023-10-25T01:24:05.008Z 5: ✅ webContents.created web2 ""
2023-10-25T01:24:05.019Z 6: ✅ window.created win2 "Discord"
2023-10-25T01:24:11.457Z 7: ✅ webContents.did-finish-load web2
2023-10-25T01:24:11.559Z 8: window.close win1
2023-10-25T01:24:11.579Z 9: webContents.destroyed web1
2023-10-25T01:24:11.583Z 10: window.closed win1
2023-10-25T01:25:03.518Z 11: window.close win2
2023-10-25T02:33:35.921Z 0: 

----------------------------------------------
2023-10-25T02:33:35.956Z 1: Discord starting: {"releaseChannel":"stable","version":"0.0.32"}, modulepath: /home/cjsmith/.config/discord/0.0.32/modules
2023-10-25T02:33:37.507Z 12: window.close win2
2023-10-25T02:33:59.620Z 0: 

----------------------------------------------
2023-10-25T02:33:59.639Z 1: Discord starting: {"releaseChannel":"stable","version":"0.0.32"}, modulepath: /home/cjsmith/.config/discord/0.0.32/modules
2023-10-25T02:34:02.100Z 13: window.close win2
2023-10-25T02:34:08.364Z 0: 

----------------------------------------------
2023-10-25T02:34:08.385Z 1: Discord starting: {"releaseChannel":"stable","version":"0.0.32"}, modulepath: /home/cjsmith/.config/discord/0.0.32/modules
2023-10-25T02:42:57.093Z 14: window.close win2
2023-10-25T02:43:09.758Z 0: 

----------------------------------------------
2023-10-25T02:43:09.788Z 1: Discord starting: {"releaseChannel":"stable","version":"0.0.32"}, modulepath: /home/cjsmith/.config/discord/0.0.32/modules
2023-10-25T02:50:37.241Z 15: window.close win2
2023-10-25T02:50:47.675Z 0: 

----------------------------------------------
2023-10-25T02:50:47.721Z 1: Discord starting: {"releaseChannel":"stable","version":"0.0.32"}, modulepath: /home/cjsmith/.config/discord/0.0.32/modules
2023-10-25T02:50:47.728Z 2: ✅ webContents.created web1 ""
2023-10-25T02:50:47.731Z 3: ✅ window.created win1 "discord"
2023-10-25T02:50:47.945Z 4: ✅ webContents.did-finish-load web1
2023-10-25T02:50:48.323Z 5: ✅ webContents.created web2 ""
2023-10-25T02:50:48.335Z 6: ✅ window.created win2 "Discord"
2023-10-25T02:50:56.873Z 7: ✅ webContents.did-finish-load web2
2023-10-25T02:50:56.976Z 8: window.close win1
2023-10-25T02:50:56.996Z 9: webContents.destroyed web1
2023-10-25T02:50:57.003Z 10: window.closed win1
2023-10-25T02:54:38.594Z 11: window.close win2
2023-10-25T02:54:46.069Z 0: 

----------------------------------------------
2023-10-25T02:54:46.087Z 1: Discord starting: {"releaseChannel":"stable","version":"0.0.32"}, modulepath: /home/cjsmith/.config/discord/0.0.32/modules
2023-10-25T02:54:46.108Z 2: ✅ webContents.created web1 ""
2023-10-25T02:54:46.111Z 3: ✅ window.created win1 "discord"
2023-10-25T02:54:46.367Z 4: ✅ webContents.did-finish-load web1
2023-10-25T02:54:46.755Z 5: ✅ webContents.created web2 ""
2023-10-25T02:54:46.767Z 6: ✅ window.created win2 "Discord"
2023-10-25T02:54:53.635Z 7: ✅ webContents.did-finish-load web2
2023-10-25T02:54:53.735Z 8: window.close win1
2023-10-25T02:54:53.747Z 9: webContents.destroyed web1
2023-10-25T02:54:53.750Z 10: window.closed win1
2023-10-25T02:55:12.919Z 11: window.close win2
2023-10-25T03:10:26.678Z 16: window.close win2
2023-10-25T03:10:26.689Z 12: window.close win2
2023-10-25T03:10:26.685Z 12: window.close win2
2023-10-25T03:10:26.720Z 13: ❌ child-process-gone {
  type: 'Utility',
  reason: 'killed',
  exitCode: 15,
  serviceName: 'audio.mojom.AudioService',
  name: 'Audio Service'
}
2023-10-25T03:10:26.817Z 14: ❌ child-process-gone {
  type: 'Utility',
  reason: 'killed',
  exitCode: 15,
  serviceName: 'network.mojom.NetworkService',
  name: 'Network Service'
}
2023-10-25T03:10:26.823Z 15: ❌ render-process-gone { reason: 'killed', exitCode: 15 }
2023-10-25T08:20:22.137Z 0: 

----------------------------------------------
2023-10-25T08:20:22.164Z 1: Discord starting: {"releaseChannel":"stable","version":"0.0.32"}, modulepath: /home/cjsmith/.config/discord/0.0.32/modules
2023-10-25T08:20:22.175Z 2: ✅ webContents.created web1 ""
2023-10-25T08:20:22.180Z 3: ✅ window.created win1 "discord"
2023-10-25T08:20:22.575Z 4: ✅ webContents.did-finish-load web1
2023-10-25T08:20:23.194Z 5: ✅ webContents.created web2 ""
2023-10-25T08:20:23.205Z 6: ✅ window.created win2 "Discord"
2023-10-25T08:20:34.645Z 7: ✅ webContents.did-finish-load web2
2023-10-25T08:20:34.744Z 8: window.close win1
2023-10-25T08:20:34.753Z 9: webContents.destroyed web1
2023-10-25T08:20:34.755Z 10: window.closed win1
2023-10-25T08:47:15.277Z 11: window.close win2
2023-10-25T08:47:15.295Z 12: ❌ child-process-gone {
  type: 'Utility',
  reason: 'killed',
  exitCode: 15,
  serviceName: 'audio.mojom.AudioService',
  name: 'Audio Service'
}
2023-10-25T08:47:15.323Z 13: ❌ child-process-gone {
  type: 'Utility',
  reason: 'killed',
  exitCode: 15,
  serviceName: 'network.mojom.NetworkService',
  name: 'Network Service'
}
2023-10-25T08:47:15.344Z 14: ❌ render-process-gone { reason: 'killed', exitCode: 15 }
2023-10-25T09:08:24.482Z 0: 

----------------------------------------------
2023-10-25T09:08:24.497Z 1: Discord starting: {"releaseChannel":"stable","version":"0.0.32"}, modulepath: /home/cjsmith/.config/discord/0.0.32/modules
2023-10-25T09:08:24.518Z 2: ✅ webContents.created web1 ""
2023-10-25T09:08:24.520Z 3: ✅ window.created win1 "discord"
2023-10-25T09:08:24.932Z 4: ✅ webContents.did-finish-load web1
2023-10-25T09:08:25.361Z 5: ✅ webContents.created web2 ""
2023-10-25T09:08:25.379Z 6: ✅ window.created win2 "Discord"
2023-10-25T09:08:29.584Z 7: ✅ webContents.did-finish-load web2
2023-10-25T09:08:29.684Z 8: window.close win1
2023-10-25T09:08:29.689Z 9: webContents.destroyed web1
2023-10-25T09:08:29.692Z 10: window.closed win1
2023-10-25T10:38:24.442Z 11: window.close win2
2023-10-25T15:03:51.927Z 0: 

----------------------------------------------
2023-10-25T15:03:51.948Z 1: Discord starting: {"releaseChannel":"stable","version":"0.0.32"}, modulepath: /home/cjsmith/.config/discord/0.0.32/modules
