2023-10-25T00:13:45.887Z [Modules] Modules initializing
2023-10-25T00:13:45.887Z [Modules] Distribution: remote
2023-10-25T00:13:45.887Z [Modules] Host updates: enabled
2023-10-25T00:13:45.888Z [Modules] Module updates: enabled
2023-10-25T00:13:45.888Z [Modules] Module install path: /home/cjsmith/.config/discord/0.0.32/modules
2023-10-25T00:13:45.888Z [Modules] Module installed file path: /home/cjsmith/.config/discord/0.0.32/modules/installed.json
2023-10-25T00:13:45.888Z [Modules] Module download path: /home/cjsmith/.config/discord/0.0.32/modules/pending
2023-10-25T00:13:46.091Z [Modules] Bootstrapping...
2023-10-25T00:13:46.092Z [Modules] Installing discord_desktop_core@0 from /opt/discord/resources/bootstrap/discord_desktop_core.zip
2023-10-25T00:13:46.095Z [Modules] Failed installing discord_desktop_core@0: Error: ENOENT: no such file or directory, open '/opt/discord/resources/bootstrap/discord_desktop_core.zip'
2023-10-25T00:13:46.096Z [Modules] Installing discord_erlpack@0 from /opt/discord/resources/bootstrap/discord_erlpack.zip
2023-10-25T00:13:46.097Z [Modules] Failed installing discord_erlpack@0: Error: ENOENT: no such file or directory, open '/opt/discord/resources/bootstrap/discord_erlpack.zip'
2023-10-25T00:13:46.097Z [Modules] Installing discord_spellcheck@0 from /opt/discord/resources/bootstrap/discord_spellcheck.zip
2023-10-25T00:13:46.099Z [Modules] Failed installing discord_spellcheck@0: Error: ENOENT: no such file or directory, open '/opt/discord/resources/bootstrap/discord_spellcheck.zip'
2023-10-25T00:13:46.099Z [Modules] Installing discord_utils@0 from /opt/discord/resources/bootstrap/discord_utils.zip
2023-10-25T00:13:46.100Z [Modules] Failed installing discord_utils@0: Error: ENOENT: no such file or directory, open '/opt/discord/resources/bootstrap/discord_utils.zip'
2023-10-25T00:13:46.101Z [Modules] Installing discord_voice@0 from /opt/discord/resources/bootstrap/discord_voice.zip
2023-10-25T00:13:46.102Z [Modules] Failed installing discord_voice@0: Error: ENOENT: no such file or directory, open '/opt/discord/resources/bootstrap/discord_voice.zip'
2023-10-25T00:13:46.102Z [Modules] Finished module installations. [success: 0] [failure: 5]
2023-10-25T00:13:46.103Z [Modules] Checking for host updates.
2023-10-25T00:13:46.388Z [Modules] Host is up to date.
2023-10-25T00:13:46.389Z [Modules] Checking for module updates at https://discord.com/api/modules/stable/versions.json
2023-10-25T00:13:46.474Z [Modules] Module update available: discord_desktop_core@1 [installed: 0]
2023-10-25T00:13:46.474Z [Modules] Module update available: discord_erlpack@1 [installed: 0]
2023-10-25T00:13:46.474Z [Modules] Module update available: discord_spellcheck@1 [installed: 0]
2023-10-25T00:13:46.475Z [Modules] Module update available: discord_utils@1 [installed: 0]
2023-10-25T00:13:46.475Z [Modules] Module update available: discord_voice@1 [installed: 0]
2023-10-25T00:13:46.476Z [Modules] Fetching discord_desktop_core@1 from https://discord.com/api/modules/stable/discord_desktop_core/1
2023-10-25T00:13:46.477Z [Modules] Streaming discord_desktop_core@1 to /home/cjsmith/.config/discord/0.0.32/modules/pending/discord_desktop_core-1.zip
2023-10-25T00:13:46.756Z [Modules] Streaming discord_desktop_core@1 to /home/cjsmith/.config/discord/0.0.32/modules/pending/discord_desktop_core-1.zip: 1%
2023-10-25T00:13:46.768Z [Modules] Streaming discord_desktop_core@1 to /home/cjsmith/.config/discord/0.0.32/modules/pending/discord_desktop_core-1.zip: 2%
2023-10-25T00:13:46.782Z [Modules] Streaming discord_desktop_core@1 to /home/cjsmith/.config/discord/0.0.32/modules/pending/discord_desktop_core-1.zip: 3%
2023-10-25T00:13:47.138Z [Modules] Streaming discord_desktop_core@1 to /home/cjsmith/.config/discord/0.0.32/modules/pending/discord_desktop_core-1.zip: 4%
2023-10-25T00:13:47.148Z [Modules] Streaming discord_desktop_core@1 to /home/cjsmith/.config/discord/0.0.32/modules/pending/discord_desktop_core-1.zip: 5%
2023-10-25T00:13:47.161Z [Modules] Streaming discord_desktop_core@1 to /home/cjsmith/.config/discord/0.0.32/modules/pending/discord_desktop_core-1.zip: 6%
2023-10-25T00:13:47.167Z [Modules] Streaming discord_desktop_core@1 to /home/cjsmith/.config/discord/0.0.32/modules/pending/discord_desktop_core-1.zip: 7%
2023-10-25T00:13:47.179Z [Modules] Streaming discord_desktop_core@1 to /home/cjsmith/.config/discord/0.0.32/modules/pending/discord_desktop_core-1.zip: 8%
2023-10-25T00:13:47.181Z [Modules] Streaming discord_desktop_core@1 to /home/cjsmith/.config/discord/0.0.32/modules/pending/discord_desktop_core-1.zip: 9%
2023-10-25T00:13:47.186Z [Modules] Streaming discord_desktop_core@1 to /home/cjsmith/.config/discord/0.0.32/modules/pending/discord_desktop_core-1.zip: 10%
2023-10-25T00:13:47.188Z [Modules] Streaming discord_desktop_core@1 to /home/cjsmith/.config/discord/0.0.32/modules/pending/discord_desktop_core-1.zip: 11%
2023-10-25T00:13:47.195Z [Modules] Streaming discord_desktop_core@1 to /home/cjsmith/.config/discord/0.0.32/modules/pending/discord_desktop_core-1.zip: 13%
2023-10-25T00:13:47.197Z [Modules] Streaming discord_desktop_core@1 to /home/cjsmith/.config/discord/0.0.32/modules/pending/discord_desktop_core-1.zip: 14%
2023-10-25T00:13:47.208Z [Modules] Streaming discord_desktop_core@1 to /home/cjsmith/.config/discord/0.0.32/modules/pending/discord_desktop_core-1.zip: 17%
2023-10-25T00:13:47.214Z [Modules] Streaming discord_desktop_core@1 to /home/cjsmith/.config/discord/0.0.32/modules/pending/discord_desktop_core-1.zip: 20%
2023-10-25T00:13:47.221Z [Modules] Streaming discord_desktop_core@1 to /home/cjsmith/.config/discord/0.0.32/modules/pending/discord_desktop_core-1.zip: 22%
2023-10-25T00:13:47.226Z [Modules] Streaming discord_desktop_core@1 to /home/cjsmith/.config/discord/0.0.32/modules/pending/discord_desktop_core-1.zip: 25%
2023-10-25T00:13:47.230Z [Modules] Streaming discord_desktop_core@1 to /home/cjsmith/.config/discord/0.0.32/modules/pending/discord_desktop_core-1.zip: 27%
2023-10-25T00:13:47.235Z [Modules] Streaming discord_desktop_core@1 to /home/cjsmith/.config/discord/0.0.32/modules/pending/discord_desktop_core-1.zip: 30%
2023-10-25T00:13:47.239Z [Modules] Streaming discord_desktop_core@1 to /home/cjsmith/.config/discord/0.0.32/modules/pending/discord_desktop_core-1.zip: 31%
2023-10-25T00:13:47.243Z [Modules] Streaming discord_desktop_core@1 to /home/cjsmith/.config/discord/0.0.32/modules/pending/discord_desktop_core-1.zip: 32%
2023-10-25T00:13:47.248Z [Modules] Streaming discord_desktop_core@1 to /home/cjsmith/.config/discord/0.0.32/modules/pending/discord_desktop_core-1.zip: 35%
2023-10-25T00:13:47.252Z [Modules] Streaming discord_desktop_core@1 to /home/cjsmith/.config/discord/0.0.32/modules/pending/discord_desktop_core-1.zip: 36%
2023-10-25T00:13:47.255Z [Modules] Streaming discord_desktop_core@1 to /home/cjsmith/.config/discord/0.0.32/modules/pending/discord_desktop_core-1.zip: 39%
2023-10-25T00:13:47.259Z [Modules] Streaming discord_desktop_core@1 to /home/cjsmith/.config/discord/0.0.32/modules/pending/discord_desktop_core-1.zip: 40%
2023-10-25T00:13:47.262Z [Modules] Streaming discord_desktop_core@1 to /home/cjsmith/.config/discord/0.0.32/modules/pending/discord_desktop_core-1.zip: 43%
2023-10-25T00:13:47.268Z [Modules] Streaming discord_desktop_core@1 to /home/cjsmith/.config/discord/0.0.32/modules/pending/discord_desktop_core-1.zip: 46%
2023-10-25T00:13:47.273Z [Modules] Streaming discord_desktop_core@1 to /home/cjsmith/.config/discord/0.0.32/modules/pending/discord_desktop_core-1.zip: 48%
2023-10-25T00:13:47.299Z [Modules] Streaming discord_desktop_core@1 to /home/cjsmith/.config/discord/0.0.32/modules/pending/discord_desktop_core-1.zip: 49%
2023-10-25T00:13:47.302Z [Modules] Streaming discord_desktop_core@1 to /home/cjsmith/.config/discord/0.0.32/modules/pending/discord_desktop_core-1.zip: 50%
2023-10-25T00:13:47.304Z [Modules] Streaming discord_desktop_core@1 to /home/cjsmith/.config/discord/0.0.32/modules/pending/discord_desktop_core-1.zip: 53%
2023-10-25T00:13:47.307Z [Modules] Streaming discord_desktop_core@1 to /home/cjsmith/.config/discord/0.0.32/modules/pending/discord_desktop_core-1.zip: 66%
2023-10-25T00:13:47.308Z [Modules] Streaming discord_desktop_core@1 to /home/cjsmith/.config/discord/0.0.32/modules/pending/discord_desktop_core-1.zip: 67%
2023-10-25T00:13:47.311Z [Modules] Streaming discord_desktop_core@1 to /home/cjsmith/.config/discord/0.0.32/modules/pending/discord_desktop_core-1.zip: 69%
2023-10-25T00:13:47.316Z [Modules] Streaming discord_desktop_core@1 to /home/cjsmith/.config/discord/0.0.32/modules/pending/discord_desktop_core-1.zip: 72%
2023-10-25T00:13:47.319Z [Modules] Streaming discord_desktop_core@1 to /home/cjsmith/.config/discord/0.0.32/modules/pending/discord_desktop_core-1.zip: 73%
2023-10-25T00:13:47.323Z [Modules] Streaming discord_desktop_core@1 to /home/cjsmith/.config/discord/0.0.32/modules/pending/discord_desktop_core-1.zip: 75%
2023-10-25T00:13:47.325Z [Modules] Streaming discord_desktop_core@1 to /home/cjsmith/.config/discord/0.0.32/modules/pending/discord_desktop_core-1.zip: 76%
2023-10-25T00:13:47.326Z [Modules] Streaming discord_desktop_core@1 to /home/cjsmith/.config/discord/0.0.32/modules/pending/discord_desktop_core-1.zip: 77%
2023-10-25T00:13:47.329Z [Modules] Streaming discord_desktop_core@1 to /home/cjsmith/.config/discord/0.0.32/modules/pending/discord_desktop_core-1.zip: 78%
2023-10-25T00:13:47.330Z [Modules] Streaming discord_desktop_core@1 to /home/cjsmith/.config/discord/0.0.32/modules/pending/discord_desktop_core-1.zip: 79%
2023-10-25T00:13:47.335Z [Modules] Streaming discord_desktop_core@1 to /home/cjsmith/.config/discord/0.0.32/modules/pending/discord_desktop_core-1.zip: 82%
2023-10-25T00:13:47.340Z [Modules] Streaming discord_desktop_core@1 to /home/cjsmith/.config/discord/0.0.32/modules/pending/discord_desktop_core-1.zip: 84%
2023-10-25T00:13:47.341Z [Modules] Streaming discord_desktop_core@1 to /home/cjsmith/.config/discord/0.0.32/modules/pending/discord_desktop_core-1.zip: 85%
2023-10-25T00:13:47.343Z [Modules] Streaming discord_desktop_core@1 to /home/cjsmith/.config/discord/0.0.32/modules/pending/discord_desktop_core-1.zip: 86%
2023-10-25T00:13:47.367Z [Modules] Streaming discord_desktop_core@1 to /home/cjsmith/.config/discord/0.0.32/modules/pending/discord_desktop_core-1.zip: 87%
2023-10-25T00:13:47.370Z [Modules] Streaming discord_desktop_core@1 to /home/cjsmith/.config/discord/0.0.32/modules/pending/discord_desktop_core-1.zip: 90%
2023-10-25T00:13:47.373Z [Modules] Streaming discord_desktop_core@1 to /home/cjsmith/.config/discord/0.0.32/modules/pending/discord_desktop_core-1.zip: 92%
2023-10-25T00:13:47.379Z [Modules] Streaming discord_desktop_core@1 to /home/cjsmith/.config/discord/0.0.32/modules/pending/discord_desktop_core-1.zip: 95%
2023-10-25T00:13:47.382Z [Modules] Streaming discord_desktop_core@1 to /home/cjsmith/.config/discord/0.0.32/modules/pending/discord_desktop_core-1.zip: 100%
2023-10-25T00:13:47.386Z [Modules] Fetching discord_erlpack@1 from https://discord.com/api/modules/stable/discord_erlpack/1
2023-10-25T00:13:47.386Z [Modules] Streaming discord_erlpack@1 to /home/cjsmith/.config/discord/0.0.32/modules/pending/discord_erlpack-1.zip
2023-10-25T00:13:47.573Z [Modules] Streaming discord_erlpack@1 to /home/cjsmith/.config/discord/0.0.32/modules/pending/discord_erlpack-1.zip: 2%
2023-10-25T00:13:47.576Z [Modules] Streaming discord_erlpack@1 to /home/cjsmith/.config/discord/0.0.32/modules/pending/discord_erlpack-1.zip: 4%
2023-10-25T00:13:47.582Z [Modules] Streaming discord_erlpack@1 to /home/cjsmith/.config/discord/0.0.32/modules/pending/discord_erlpack-1.zip: 7%
2023-10-25T00:13:47.586Z [Modules] Streaming discord_erlpack@1 to /home/cjsmith/.config/discord/0.0.32/modules/pending/discord_erlpack-1.zip: 8%
2023-10-25T00:13:47.590Z [Modules] Streaming discord_erlpack@1 to /home/cjsmith/.config/discord/0.0.32/modules/pending/discord_erlpack-1.zip: 11%
2023-10-25T00:13:47.594Z [Modules] Streaming discord_erlpack@1 to /home/cjsmith/.config/discord/0.0.32/modules/pending/discord_erlpack-1.zip: 13%
2023-10-25T00:13:47.621Z [Modules] Streaming discord_erlpack@1 to /home/cjsmith/.config/discord/0.0.32/modules/pending/discord_erlpack-1.zip: 17%
2023-10-25T00:13:47.624Z [Modules] Streaming discord_erlpack@1 to /home/cjsmith/.config/discord/0.0.32/modules/pending/discord_erlpack-1.zip: 19%
2023-10-25T00:13:47.628Z [Modules] Streaming discord_erlpack@1 to /home/cjsmith/.config/discord/0.0.32/modules/pending/discord_erlpack-1.zip: 23%
2023-10-25T00:13:47.632Z [Modules] Streaming discord_erlpack@1 to /home/cjsmith/.config/discord/0.0.32/modules/pending/discord_erlpack-1.zip: 27%
2023-10-25T00:13:47.636Z [Modules] Streaming discord_erlpack@1 to /home/cjsmith/.config/discord/0.0.32/modules/pending/discord_erlpack-1.zip: 38%
2023-10-25T00:13:47.639Z [Modules] Streaming discord_erlpack@1 to /home/cjsmith/.config/discord/0.0.32/modules/pending/discord_erlpack-1.zip: 41%
2023-10-25T00:13:47.641Z [Modules] Streaming discord_erlpack@1 to /home/cjsmith/.config/discord/0.0.32/modules/pending/discord_erlpack-1.zip: 43%
2023-10-25T00:13:47.645Z [Modules] Streaming discord_erlpack@1 to /home/cjsmith/.config/discord/0.0.32/modules/pending/discord_erlpack-1.zip: 46%
2023-10-25T00:13:47.648Z [Modules] Streaming discord_erlpack@1 to /home/cjsmith/.config/discord/0.0.32/modules/pending/discord_erlpack-1.zip: 47%
2023-10-25T00:13:47.652Z [Modules] Streaming discord_erlpack@1 to /home/cjsmith/.config/discord/0.0.32/modules/pending/discord_erlpack-1.zip: 50%
2023-10-25T00:13:47.657Z [Modules] Streaming discord_erlpack@1 to /home/cjsmith/.config/discord/0.0.32/modules/pending/discord_erlpack-1.zip: 53%
2023-10-25T00:13:47.662Z [Modules] Streaming discord_erlpack@1 to /home/cjsmith/.config/discord/0.0.32/modules/pending/discord_erlpack-1.zip: 56%
2023-10-25T00:13:47.665Z [Modules] Streaming discord_erlpack@1 to /home/cjsmith/.config/discord/0.0.32/modules/pending/discord_erlpack-1.zip: 58%
2023-10-25T00:13:47.668Z [Modules] Streaming discord_erlpack@1 to /home/cjsmith/.config/discord/0.0.32/modules/pending/discord_erlpack-1.zip: 59%
2023-10-25T00:13:47.672Z [Modules] Streaming discord_erlpack@1 to /home/cjsmith/.config/discord/0.0.32/modules/pending/discord_erlpack-1.zip: 62%
2023-10-25T00:13:47.702Z [Modules] Streaming discord_erlpack@1 to /home/cjsmith/.config/discord/0.0.32/modules/pending/discord_erlpack-1.zip: 63%
2023-10-25T00:13:47.705Z [Modules] Streaming discord_erlpack@1 to /home/cjsmith/.config/discord/0.0.32/modules/pending/discord_erlpack-1.zip: 65%
2023-10-25T00:13:47.709Z [Modules] Streaming discord_erlpack@1 to /home/cjsmith/.config/discord/0.0.32/modules/pending/discord_erlpack-1.zip: 66%
2023-10-25T00:13:47.711Z [Modules] Streaming discord_erlpack@1 to /home/cjsmith/.config/discord/0.0.32/modules/pending/discord_erlpack-1.zip: 70%
2023-10-25T00:13:47.715Z [Modules] Streaming discord_erlpack@1 to /home/cjsmith/.config/discord/0.0.32/modules/pending/discord_erlpack-1.zip: 80%
2023-10-25T00:13:47.718Z [Modules] Streaming discord_erlpack@1 to /home/cjsmith/.config/discord/0.0.32/modules/pending/discord_erlpack-1.zip: 81%
2023-10-25T00:13:47.722Z [Modules] Streaming discord_erlpack@1 to /home/cjsmith/.config/discord/0.0.32/modules/pending/discord_erlpack-1.zip: 83%
2023-10-25T00:13:47.728Z [Modules] Streaming discord_erlpack@1 to /home/cjsmith/.config/discord/0.0.32/modules/pending/discord_erlpack-1.zip: 90%
2023-10-25T00:13:47.732Z [Modules] Streaming discord_erlpack@1 to /home/cjsmith/.config/discord/0.0.32/modules/pending/discord_erlpack-1.zip: 97%
2023-10-25T00:13:47.735Z [Modules] Streaming discord_erlpack@1 to /home/cjsmith/.config/discord/0.0.32/modules/pending/discord_erlpack-1.zip: 100%
2023-10-25T00:13:47.740Z [Modules] Fetching discord_spellcheck@1 from https://discord.com/api/modules/stable/discord_spellcheck/1
2023-10-25T00:13:47.741Z [Modules] Streaming discord_spellcheck@1 to /home/cjsmith/.config/discord/0.0.32/modules/pending/discord_spellcheck-1.zip
2023-10-25T00:13:47.963Z [Modules] Streaming discord_spellcheck@1 to /home/cjsmith/.config/discord/0.0.32/modules/pending/discord_spellcheck-1.zip: 1%
2023-10-25T00:13:47.972Z [Modules] Streaming discord_spellcheck@1 to /home/cjsmith/.config/discord/0.0.32/modules/pending/discord_spellcheck-1.zip: 2%
2023-10-25T00:13:48.010Z [Modules] Streaming discord_spellcheck@1 to /home/cjsmith/.config/discord/0.0.32/modules/pending/discord_spellcheck-1.zip: 3%
2023-10-25T00:13:48.019Z [Modules] Streaming discord_spellcheck@1 to /home/cjsmith/.config/discord/0.0.32/modules/pending/discord_spellcheck-1.zip: 4%
2023-10-25T00:13:48.023Z [Modules] Streaming discord_spellcheck@1 to /home/cjsmith/.config/discord/0.0.32/modules/pending/discord_spellcheck-1.zip: 5%
2023-10-25T00:13:48.026Z [Modules] Streaming discord_spellcheck@1 to /home/cjsmith/.config/discord/0.0.32/modules/pending/discord_spellcheck-1.zip: 6%
2023-10-25T00:13:48.030Z [Modules] Streaming discord_spellcheck@1 to /home/cjsmith/.config/discord/0.0.32/modules/pending/discord_spellcheck-1.zip: 8%
2023-10-25T00:13:48.034Z [Modules] Streaming discord_spellcheck@1 to /home/cjsmith/.config/discord/0.0.32/modules/pending/discord_spellcheck-1.zip: 9%
2023-10-25T00:13:48.041Z [Modules] Streaming discord_spellcheck@1 to /home/cjsmith/.config/discord/0.0.32/modules/pending/discord_spellcheck-1.zip: 10%
2023-10-25T00:13:48.075Z [Modules] Streaming discord_spellcheck@1 to /home/cjsmith/.config/discord/0.0.32/modules/pending/discord_spellcheck-1.zip: 11%
2023-10-25T00:13:48.080Z [Modules] Streaming discord_spellcheck@1 to /home/cjsmith/.config/discord/0.0.32/modules/pending/discord_spellcheck-1.zip: 12%
2023-10-25T00:13:48.084Z [Modules] Streaming discord_spellcheck@1 to /home/cjsmith/.config/discord/0.0.32/modules/pending/discord_spellcheck-1.zip: 13%
2023-10-25T00:13:48.088Z [Modules] Streaming discord_spellcheck@1 to /home/cjsmith/.config/discord/0.0.32/modules/pending/discord_spellcheck-1.zip: 14%
2023-10-25T00:13:48.091Z [Modules] Streaming discord_spellcheck@1 to /home/cjsmith/.config/discord/0.0.32/modules/pending/discord_spellcheck-1.zip: 15%
2023-10-25T00:13:48.119Z [Modules] Streaming discord_spellcheck@1 to /home/cjsmith/.config/discord/0.0.32/modules/pending/discord_spellcheck-1.zip: 16%
2023-10-25T00:13:48.122Z [Modules] Streaming discord_spellcheck@1 to /home/cjsmith/.config/discord/0.0.32/modules/pending/discord_spellcheck-1.zip: 17%
2023-10-25T00:13:48.125Z [Modules] Streaming discord_spellcheck@1 to /home/cjsmith/.config/discord/0.0.32/modules/pending/discord_spellcheck-1.zip: 18%
2023-10-25T00:13:48.144Z [Modules] Streaming discord_spellcheck@1 to /home/cjsmith/.config/discord/0.0.32/modules/pending/discord_spellcheck-1.zip: 19%
2023-10-25T00:13:48.151Z [Modules] Streaming discord_spellcheck@1 to /home/cjsmith/.config/discord/0.0.32/modules/pending/discord_spellcheck-1.zip: 20%
2023-10-25T00:13:48.192Z [Modules] Streaming discord_spellcheck@1 to /home/cjsmith/.config/discord/0.0.32/modules/pending/discord_spellcheck-1.zip: 21%
2023-10-25T00:13:48.194Z [Modules] Streaming discord_spellcheck@1 to /home/cjsmith/.config/discord/0.0.32/modules/pending/discord_spellcheck-1.zip: 22%
2023-10-25T00:13:48.198Z [Modules] Streaming discord_spellcheck@1 to /home/cjsmith/.config/discord/0.0.32/modules/pending/discord_spellcheck-1.zip: 24%
2023-10-25T00:13:48.202Z [Modules] Streaming discord_spellcheck@1 to /home/cjsmith/.config/discord/0.0.32/modules/pending/discord_spellcheck-1.zip: 25%
2023-10-25T00:13:48.204Z [Modules] Streaming discord_spellcheck@1 to /home/cjsmith/.config/discord/0.0.32/modules/pending/discord_spellcheck-1.zip: 26%
2023-10-25T00:13:48.234Z [Modules] Streaming discord_spellcheck@1 to /home/cjsmith/.config/discord/0.0.32/modules/pending/discord_spellcheck-1.zip: 27%
2023-10-25T00:13:48.237Z [Modules] Streaming discord_spellcheck@1 to /home/cjsmith/.config/discord/0.0.32/modules/pending/discord_spellcheck-1.zip: 29%
2023-10-25T00:13:48.244Z [Modules] Streaming discord_spellcheck@1 to /home/cjsmith/.config/discord/0.0.32/modules/pending/discord_spellcheck-1.zip: 30%
2023-10-25T00:13:48.276Z [Modules] Streaming discord_spellcheck@1 to /home/cjsmith/.config/discord/0.0.32/modules/pending/discord_spellcheck-1.zip: 31%
2023-10-25T00:13:48.279Z [Modules] Streaming discord_spellcheck@1 to /home/cjsmith/.config/discord/0.0.32/modules/pending/discord_spellcheck-1.zip: 33%
2023-10-25T00:13:48.284Z [Modules] Streaming discord_spellcheck@1 to /home/cjsmith/.config/discord/0.0.32/modules/pending/discord_spellcheck-1.zip: 36%
2023-10-25T00:13:48.294Z [Modules] Streaming discord_spellcheck@1 to /home/cjsmith/.config/discord/0.0.32/modules/pending/discord_spellcheck-1.zip: 37%
2023-10-25T00:13:48.333Z [Modules] Streaming discord_spellcheck@1 to /home/cjsmith/.config/discord/0.0.32/modules/pending/discord_spellcheck-1.zip: 38%
2023-10-25T00:13:48.336Z [Modules] Streaming discord_spellcheck@1 to /home/cjsmith/.config/discord/0.0.32/modules/pending/discord_spellcheck-1.zip: 41%
2023-10-25T00:13:48.357Z [Modules] Streaming discord_spellcheck@1 to /home/cjsmith/.config/discord/0.0.32/modules/pending/discord_spellcheck-1.zip: 42%
2023-10-25T00:13:48.361Z [Modules] Streaming discord_spellcheck@1 to /home/cjsmith/.config/discord/0.0.32/modules/pending/discord_spellcheck-1.zip: 44%
2023-10-25T00:13:48.366Z [Modules] Streaming discord_spellcheck@1 to /home/cjsmith/.config/discord/0.0.32/modules/pending/discord_spellcheck-1.zip: 45%
2023-10-25T00:13:48.370Z [Modules] Streaming discord_spellcheck@1 to /home/cjsmith/.config/discord/0.0.32/modules/pending/discord_spellcheck-1.zip: 46%
2023-10-25T00:13:48.373Z [Modules] Streaming discord_spellcheck@1 to /home/cjsmith/.config/discord/0.0.32/modules/pending/discord_spellcheck-1.zip: 48%
2023-10-25T00:13:48.404Z [Modules] Streaming discord_spellcheck@1 to /home/cjsmith/.config/discord/0.0.32/modules/pending/discord_spellcheck-1.zip: 49%
2023-10-25T00:13:48.410Z [Modules] Streaming discord_spellcheck@1 to /home/cjsmith/.config/discord/0.0.32/modules/pending/discord_spellcheck-1.zip: 50%
2023-10-25T00:13:48.453Z [Modules] Streaming discord_spellcheck@1 to /home/cjsmith/.config/discord/0.0.32/modules/pending/discord_spellcheck-1.zip: 51%
2023-10-25T00:13:48.455Z [Modules] Streaming discord_spellcheck@1 to /home/cjsmith/.config/discord/0.0.32/modules/pending/discord_spellcheck-1.zip: 52%
2023-10-25T00:13:48.458Z [Modules] Streaming discord_spellcheck@1 to /home/cjsmith/.config/discord/0.0.32/modules/pending/discord_spellcheck-1.zip: 54%
2023-10-25T00:13:48.461Z [Modules] Streaming discord_spellcheck@1 to /home/cjsmith/.config/discord/0.0.32/modules/pending/discord_spellcheck-1.zip: 55%
2023-10-25T00:13:48.464Z [Modules] Streaming discord_spellcheck@1 to /home/cjsmith/.config/discord/0.0.32/modules/pending/discord_spellcheck-1.zip: 56%
2023-10-25T00:13:48.496Z [Modules] Streaming discord_spellcheck@1 to /home/cjsmith/.config/discord/0.0.32/modules/pending/discord_spellcheck-1.zip: 57%
2023-10-25T00:13:48.505Z [Modules] Streaming discord_spellcheck@1 to /home/cjsmith/.config/discord/0.0.32/modules/pending/discord_spellcheck-1.zip: 58%
2023-10-25T00:13:48.509Z [Modules] Streaming discord_spellcheck@1 to /home/cjsmith/.config/discord/0.0.32/modules/pending/discord_spellcheck-1.zip: 60%
2023-10-25T00:13:48.536Z [Modules] Streaming discord_spellcheck@1 to /home/cjsmith/.config/discord/0.0.32/modules/pending/discord_spellcheck-1.zip: 61%
2023-10-25T00:13:48.542Z [Modules] Streaming discord_spellcheck@1 to /home/cjsmith/.config/discord/0.0.32/modules/pending/discord_spellcheck-1.zip: 62%
2023-10-25T00:13:48.546Z [Modules] Streaming discord_spellcheck@1 to /home/cjsmith/.config/discord/0.0.32/modules/pending/discord_spellcheck-1.zip: 64%
2023-10-25T00:13:48.549Z [Modules] Streaming discord_spellcheck@1 to /home/cjsmith/.config/discord/0.0.32/modules/pending/discord_spellcheck-1.zip: 65%
2023-10-25T00:13:48.617Z [Modules] Streaming discord_spellcheck@1 to /home/cjsmith/.config/discord/0.0.32/modules/pending/discord_spellcheck-1.zip: 66%
2023-10-25T00:13:48.620Z [Modules] Streaming discord_spellcheck@1 to /home/cjsmith/.config/discord/0.0.32/modules/pending/discord_spellcheck-1.zip: 68%
2023-10-25T00:13:48.625Z [Modules] Streaming discord_spellcheck@1 to /home/cjsmith/.config/discord/0.0.32/modules/pending/discord_spellcheck-1.zip: 71%
2023-10-25T00:13:48.629Z [Modules] Streaming discord_spellcheck@1 to /home/cjsmith/.config/discord/0.0.32/modules/pending/discord_spellcheck-1.zip: 75%
2023-10-25T00:13:48.635Z [Modules] Streaming discord_spellcheck@1 to /home/cjsmith/.config/discord/0.0.32/modules/pending/discord_spellcheck-1.zip: 76%
2023-10-25T00:13:48.639Z [Modules] Streaming discord_spellcheck@1 to /home/cjsmith/.config/discord/0.0.32/modules/pending/discord_spellcheck-1.zip: 78%
2023-10-25T00:13:48.656Z [Modules] Streaming discord_spellcheck@1 to /home/cjsmith/.config/discord/0.0.32/modules/pending/discord_spellcheck-1.zip: 79%
2023-10-25T00:13:48.666Z [Modules] Streaming discord_spellcheck@1 to /home/cjsmith/.config/discord/0.0.32/modules/pending/discord_spellcheck-1.zip: 80%
2023-10-25T00:13:48.676Z [Modules] Streaming discord_spellcheck@1 to /home/cjsmith/.config/discord/0.0.32/modules/pending/discord_spellcheck-1.zip: 81%
2023-10-25T00:13:48.719Z [Modules] Streaming discord_spellcheck@1 to /home/cjsmith/.config/discord/0.0.32/modules/pending/discord_spellcheck-1.zip: 82%
2023-10-25T00:13:48.723Z [Modules] Streaming discord_spellcheck@1 to /home/cjsmith/.config/discord/0.0.32/modules/pending/discord_spellcheck-1.zip: 84%
2023-10-25T00:13:48.726Z [Modules] Streaming discord_spellcheck@1 to /home/cjsmith/.config/discord/0.0.32/modules/pending/discord_spellcheck-1.zip: 86%
2023-10-25T00:13:48.759Z [Modules] Streaming discord_spellcheck@1 to /home/cjsmith/.config/discord/0.0.32/modules/pending/discord_spellcheck-1.zip: 87%
2023-10-25T00:13:48.764Z [Modules] Streaming discord_spellcheck@1 to /home/cjsmith/.config/discord/0.0.32/modules/pending/discord_spellcheck-1.zip: 89%
2023-10-25T00:13:48.768Z [Modules] Streaming discord_spellcheck@1 to /home/cjsmith/.config/discord/0.0.32/modules/pending/discord_spellcheck-1.zip: 90%
2023-10-25T00:13:48.795Z [Modules] Streaming discord_spellcheck@1 to /home/cjsmith/.config/discord/0.0.32/modules/pending/discord_spellcheck-1.zip: 91%
2023-10-25T00:13:48.799Z [Modules] Streaming discord_spellcheck@1 to /home/cjsmith/.config/discord/0.0.32/modules/pending/discord_spellcheck-1.zip: 93%
2023-10-25T00:13:48.803Z [Modules] Streaming discord_spellcheck@1 to /home/cjsmith/.config/discord/0.0.32/modules/pending/discord_spellcheck-1.zip: 96%
2023-10-25T00:13:48.816Z [Modules] Streaming discord_spellcheck@1 to /home/cjsmith/.config/discord/0.0.32/modules/pending/discord_spellcheck-1.zip: 99%
2023-10-25T00:13:48.821Z [Modules] Streaming discord_spellcheck@1 to /home/cjsmith/.config/discord/0.0.32/modules/pending/discord_spellcheck-1.zip: 100%
2023-10-25T00:13:48.826Z [Modules] Fetching discord_utils@1 from https://discord.com/api/modules/stable/discord_utils/1
2023-10-25T00:13:48.826Z [Modules] Streaming discord_utils@1 to /home/cjsmith/.config/discord/0.0.32/modules/pending/discord_utils-1.zip
2023-10-25T00:13:49.071Z [Modules] Streaming discord_utils@1 to /home/cjsmith/.config/discord/0.0.32/modules/pending/discord_utils-1.zip: 1%
2023-10-25T00:13:49.076Z [Modules] Streaming discord_utils@1 to /home/cjsmith/.config/discord/0.0.32/modules/pending/discord_utils-1.zip: 3%
2023-10-25T00:13:49.081Z [Modules] Streaming discord_utils@1 to /home/cjsmith/.config/discord/0.0.32/modules/pending/discord_utils-1.zip: 4%
2023-10-25T00:13:49.084Z [Modules] Streaming discord_utils@1 to /home/cjsmith/.config/discord/0.0.32/modules/pending/discord_utils-1.zip: 5%
2023-10-25T00:13:49.086Z [Modules] Streaming discord_utils@1 to /home/cjsmith/.config/discord/0.0.32/modules/pending/discord_utils-1.zip: 6%
2023-10-25T00:13:49.089Z [Modules] Streaming discord_utils@1 to /home/cjsmith/.config/discord/0.0.32/modules/pending/discord_utils-1.zip: 7%
2023-10-25T00:13:49.117Z [Modules] Streaming discord_utils@1 to /home/cjsmith/.config/discord/0.0.32/modules/pending/discord_utils-1.zip: 8%
2023-10-25T00:13:49.123Z [Modules] Streaming discord_utils@1 to /home/cjsmith/.config/discord/0.0.32/modules/pending/discord_utils-1.zip: 10%
2023-10-25T00:13:49.127Z [Modules] Streaming discord_utils@1 to /home/cjsmith/.config/discord/0.0.32/modules/pending/discord_utils-1.zip: 12%
2023-10-25T00:13:49.130Z [Modules] Streaming discord_utils@1 to /home/cjsmith/.config/discord/0.0.32/modules/pending/discord_utils-1.zip: 13%
2023-10-25T00:13:49.135Z [Modules] Streaming discord_utils@1 to /home/cjsmith/.config/discord/0.0.32/modules/pending/discord_utils-1.zip: 14%
2023-10-25T00:13:49.139Z [Modules] Streaming discord_utils@1 to /home/cjsmith/.config/discord/0.0.32/modules/pending/discord_utils-1.zip: 23%
2023-10-25T00:13:49.143Z [Modules] Streaming discord_utils@1 to /home/cjsmith/.config/discord/0.0.32/modules/pending/discord_utils-1.zip: 24%
2023-10-25T00:13:49.146Z [Modules] Streaming discord_utils@1 to /home/cjsmith/.config/discord/0.0.32/modules/pending/discord_utils-1.zip: 25%
2023-10-25T00:13:49.152Z [Modules] Streaming discord_utils@1 to /home/cjsmith/.config/discord/0.0.32/modules/pending/discord_utils-1.zip: 27%
2023-10-25T00:13:49.157Z [Modules] Streaming discord_utils@1 to /home/cjsmith/.config/discord/0.0.32/modules/pending/discord_utils-1.zip: 29%
2023-10-25T00:13:49.160Z [Modules] Streaming discord_utils@1 to /home/cjsmith/.config/discord/0.0.32/modules/pending/discord_utils-1.zip: 30%
2023-10-25T00:13:49.192Z [Modules] Streaming discord_utils@1 to /home/cjsmith/.config/discord/0.0.32/modules/pending/discord_utils-1.zip: 31%
2023-10-25T00:13:49.194Z [Modules] Streaming discord_utils@1 to /home/cjsmith/.config/discord/0.0.32/modules/pending/discord_utils-1.zip: 32%
2023-10-25T00:13:49.199Z [Modules] Streaming discord_utils@1 to /home/cjsmith/.config/discord/0.0.32/modules/pending/discord_utils-1.zip: 36%
2023-10-25T00:13:49.202Z [Modules] Streaming discord_utils@1 to /home/cjsmith/.config/discord/0.0.32/modules/pending/discord_utils-1.zip: 39%
2023-10-25T00:13:49.205Z [Modules] Streaming discord_utils@1 to /home/cjsmith/.config/discord/0.0.32/modules/pending/discord_utils-1.zip: 45%
2023-10-25T00:13:49.208Z [Modules] Streaming discord_utils@1 to /home/cjsmith/.config/discord/0.0.32/modules/pending/discord_utils-1.zip: 46%
2023-10-25T00:13:49.215Z [Modules] Streaming discord_utils@1 to /home/cjsmith/.config/discord/0.0.32/modules/pending/discord_utils-1.zip: 48%
2023-10-25T00:13:49.218Z [Modules] Streaming discord_utils@1 to /home/cjsmith/.config/discord/0.0.32/modules/pending/discord_utils-1.zip: 49%
2023-10-25T00:13:49.221Z [Modules] Streaming discord_utils@1 to /home/cjsmith/.config/discord/0.0.32/modules/pending/discord_utils-1.zip: 50%
2023-10-25T00:13:49.224Z [Modules] Streaming discord_utils@1 to /home/cjsmith/.config/discord/0.0.32/modules/pending/discord_utils-1.zip: 51%
2023-10-25T00:13:49.228Z [Modules] Streaming discord_utils@1 to /home/cjsmith/.config/discord/0.0.32/modules/pending/discord_utils-1.zip: 52%
2023-10-25T00:13:49.233Z [Modules] Streaming discord_utils@1 to /home/cjsmith/.config/discord/0.0.32/modules/pending/discord_utils-1.zip: 53%
2023-10-25T00:13:49.266Z [Modules] Streaming discord_utils@1 to /home/cjsmith/.config/discord/0.0.32/modules/pending/discord_utils-1.zip: 55%
2023-10-25T00:13:49.268Z [Modules] Streaming discord_utils@1 to /home/cjsmith/.config/discord/0.0.32/modules/pending/discord_utils-1.zip: 56%
2023-10-25T00:13:49.276Z [Modules] Streaming discord_utils@1 to /home/cjsmith/.config/discord/0.0.32/modules/pending/discord_utils-1.zip: 57%
2023-10-25T00:13:49.279Z [Modules] Streaming discord_utils@1 to /home/cjsmith/.config/discord/0.0.32/modules/pending/discord_utils-1.zip: 58%
2023-10-25T00:13:49.282Z [Modules] Streaming discord_utils@1 to /home/cjsmith/.config/discord/0.0.32/modules/pending/discord_utils-1.zip: 59%
2023-10-25T00:13:49.285Z [Modules] Streaming discord_utils@1 to /home/cjsmith/.config/discord/0.0.32/modules/pending/discord_utils-1.zip: 61%
2023-10-25T00:13:49.288Z [Modules] Streaming discord_utils@1 to /home/cjsmith/.config/discord/0.0.32/modules/pending/discord_utils-1.zip: 67%
2023-10-25T00:13:49.302Z [Modules] Streaming discord_utils@1 to /home/cjsmith/.config/discord/0.0.32/modules/pending/discord_utils-1.zip: 69%
2023-10-25T00:13:49.304Z [Modules] Streaming discord_utils@1 to /home/cjsmith/.config/discord/0.0.32/modules/pending/discord_utils-1.zip: 72%
2023-10-25T00:13:49.327Z [Modules] Streaming discord_utils@1 to /home/cjsmith/.config/discord/0.0.32/modules/pending/discord_utils-1.zip: 74%
2023-10-25T00:13:49.331Z [Modules] Streaming discord_utils@1 to /home/cjsmith/.config/discord/0.0.32/modules/pending/discord_utils-1.zip: 82%
2023-10-25T00:13:49.356Z [Modules] Streaming discord_utils@1 to /home/cjsmith/.config/discord/0.0.32/modules/pending/discord_utils-1.zip: 83%
2023-10-25T00:13:49.359Z [Modules] Streaming discord_utils@1 to /home/cjsmith/.config/discord/0.0.32/modules/pending/discord_utils-1.zip: 84%
2023-10-25T00:13:49.362Z [Modules] Streaming discord_utils@1 to /home/cjsmith/.config/discord/0.0.32/modules/pending/discord_utils-1.zip: 85%
2023-10-25T00:13:49.367Z [Modules] Streaming discord_utils@1 to /home/cjsmith/.config/discord/0.0.32/modules/pending/discord_utils-1.zip: 86%
2023-10-25T00:13:49.370Z [Modules] Streaming discord_utils@1 to /home/cjsmith/.config/discord/0.0.32/modules/pending/discord_utils-1.zip: 87%
2023-10-25T00:13:49.390Z [Modules] Streaming discord_utils@1 to /home/cjsmith/.config/discord/0.0.32/modules/pending/discord_utils-1.zip: 88%
2023-10-25T00:13:49.392Z [Modules] Streaming discord_utils@1 to /home/cjsmith/.config/discord/0.0.32/modules/pending/discord_utils-1.zip: 90%
2023-10-25T00:13:49.395Z [Modules] Streaming discord_utils@1 to /home/cjsmith/.config/discord/0.0.32/modules/pending/discord_utils-1.zip: 98%
2023-10-25T00:13:49.399Z [Modules] Streaming discord_utils@1 to /home/cjsmith/.config/discord/0.0.32/modules/pending/discord_utils-1.zip: 100%
2023-10-25T00:13:49.404Z [Modules] Fetching discord_voice@1 from https://discord.com/api/modules/stable/discord_voice/1
2023-10-25T00:13:49.404Z [Modules] Streaming discord_voice@1 to /home/cjsmith/.config/discord/0.0.32/modules/pending/discord_voice-1.zip
2023-10-25T00:13:49.588Z [Modules] Streaming discord_voice@1 to /home/cjsmith/.config/discord/0.0.32/modules/pending/discord_voice-1.zip: 1%
2023-10-25T00:13:49.630Z [Modules] Streaming discord_voice@1 to /home/cjsmith/.config/discord/0.0.32/modules/pending/discord_voice-1.zip: 2%
2023-10-25T00:13:49.638Z [Modules] Streaming discord_voice@1 to /home/cjsmith/.config/discord/0.0.32/modules/pending/discord_voice-1.zip: 3%
2023-10-25T00:13:49.641Z [Modules] Streaming discord_voice@1 to /home/cjsmith/.config/discord/0.0.32/modules/pending/discord_voice-1.zip: 4%
2023-10-25T00:13:49.661Z [Modules] Streaming discord_voice@1 to /home/cjsmith/.config/discord/0.0.32/modules/pending/discord_voice-1.zip: 5%
2023-10-25T00:13:49.704Z [Modules] Streaming discord_voice@1 to /home/cjsmith/.config/discord/0.0.32/modules/pending/discord_voice-1.zip: 6%
2023-10-25T00:13:49.712Z [Modules] Streaming discord_voice@1 to /home/cjsmith/.config/discord/0.0.32/modules/pending/discord_voice-1.zip: 7%
2023-10-25T00:13:49.716Z [Modules] Streaming discord_voice@1 to /home/cjsmith/.config/discord/0.0.32/modules/pending/discord_voice-1.zip: 8%
2023-10-25T00:13:49.731Z [Modules] Streaming discord_voice@1 to /home/cjsmith/.config/discord/0.0.32/modules/pending/discord_voice-1.zip: 9%
2023-10-25T00:13:49.807Z [Modules] Streaming discord_voice@1 to /home/cjsmith/.config/discord/0.0.32/modules/pending/discord_voice-1.zip: 10%
2023-10-25T00:13:49.810Z [Modules] Streaming discord_voice@1 to /home/cjsmith/.config/discord/0.0.32/modules/pending/discord_voice-1.zip: 11%
2023-10-25T00:13:49.815Z [Modules] Streaming discord_voice@1 to /home/cjsmith/.config/discord/0.0.32/modules/pending/discord_voice-1.zip: 12%
2023-10-25T00:13:49.822Z [Modules] Streaming discord_voice@1 to /home/cjsmith/.config/discord/0.0.32/modules/pending/discord_voice-1.zip: 13%
2023-10-25T00:13:49.824Z [Modules] Streaming discord_voice@1 to /home/cjsmith/.config/discord/0.0.32/modules/pending/discord_voice-1.zip: 14%
2023-10-25T00:13:49.858Z [Modules] Streaming discord_voice@1 to /home/cjsmith/.config/discord/0.0.32/modules/pending/discord_voice-1.zip: 15%
2023-10-25T00:13:49.863Z [Modules] Streaming discord_voice@1 to /home/cjsmith/.config/discord/0.0.32/modules/pending/discord_voice-1.zip: 16%
2023-10-25T00:13:49.896Z [Modules] Streaming discord_voice@1 to /home/cjsmith/.config/discord/0.0.32/modules/pending/discord_voice-1.zip: 17%
2023-10-25T00:13:49.906Z [Modules] Streaming discord_voice@1 to /home/cjsmith/.config/discord/0.0.32/modules/pending/discord_voice-1.zip: 18%
2023-10-25T00:13:49.909Z [Modules] Streaming discord_voice@1 to /home/cjsmith/.config/discord/0.0.32/modules/pending/discord_voice-1.zip: 19%
2023-10-25T00:13:49.924Z [Modules] Streaming discord_voice@1 to /home/cjsmith/.config/discord/0.0.32/modules/pending/discord_voice-1.zip: 20%
2023-10-25T00:13:49.965Z [Modules] Streaming discord_voice@1 to /home/cjsmith/.config/discord/0.0.32/modules/pending/discord_voice-1.zip: 21%
2023-10-25T00:13:49.974Z [Modules] Streaming discord_voice@1 to /home/cjsmith/.config/discord/0.0.32/modules/pending/discord_voice-1.zip: 22%
2023-10-25T00:13:49.981Z [Modules] Streaming discord_voice@1 to /home/cjsmith/.config/discord/0.0.32/modules/pending/discord_voice-1.zip: 23%
2023-10-25T00:13:49.993Z [Modules] Streaming discord_voice@1 to /home/cjsmith/.config/discord/0.0.32/modules/pending/discord_voice-1.zip: 24%
2023-10-25T00:13:50.036Z [Modules] Streaming discord_voice@1 to /home/cjsmith/.config/discord/0.0.32/modules/pending/discord_voice-1.zip: 25%
2023-10-25T00:13:50.048Z [Modules] Streaming discord_voice@1 to /home/cjsmith/.config/discord/0.0.32/modules/pending/discord_voice-1.zip: 26%
2023-10-25T00:13:50.056Z [Modules] Streaming discord_voice@1 to /home/cjsmith/.config/discord/0.0.32/modules/pending/discord_voice-1.zip: 27%
2023-10-25T00:13:50.065Z [Modules] Streaming discord_voice@1 to /home/cjsmith/.config/discord/0.0.32/modules/pending/discord_voice-1.zip: 28%
2023-10-25T00:13:50.080Z [Modules] Streaming discord_voice@1 to /home/cjsmith/.config/discord/0.0.32/modules/pending/discord_voice-1.zip: 29%
2023-10-25T00:13:50.121Z [Modules] Streaming discord_voice@1 to /home/cjsmith/.config/discord/0.0.32/modules/pending/discord_voice-1.zip: 30%
2023-10-25T00:13:50.133Z [Modules] Streaming discord_voice@1 to /home/cjsmith/.config/discord/0.0.32/modules/pending/discord_voice-1.zip: 31%
2023-10-25T00:13:50.141Z [Modules] Streaming discord_voice@1 to /home/cjsmith/.config/discord/0.0.32/modules/pending/discord_voice-1.zip: 32%
2023-10-25T00:13:50.149Z [Modules] Streaming discord_voice@1 to /home/cjsmith/.config/discord/0.0.32/modules/pending/discord_voice-1.zip: 33%
2023-10-25T00:13:50.196Z [Modules] Streaming discord_voice@1 to /home/cjsmith/.config/discord/0.0.32/modules/pending/discord_voice-1.zip: 34%
2023-10-25T00:13:50.200Z [Modules] Streaming discord_voice@1 to /home/cjsmith/.config/discord/0.0.32/modules/pending/discord_voice-1.zip: 35%
2023-10-25T00:13:50.210Z [Modules] Streaming discord_voice@1 to /home/cjsmith/.config/discord/0.0.32/modules/pending/discord_voice-1.zip: 36%
2023-10-25T00:13:50.223Z [Modules] Streaming discord_voice@1 to /home/cjsmith/.config/discord/0.0.32/modules/pending/discord_voice-1.zip: 37%
2023-10-25T00:13:50.241Z [Modules] Streaming discord_voice@1 to /home/cjsmith/.config/discord/0.0.32/modules/pending/discord_voice-1.zip: 38%
2023-10-25T00:13:50.280Z [Modules] Streaming discord_voice@1 to /home/cjsmith/.config/discord/0.0.32/modules/pending/discord_voice-1.zip: 39%
2023-10-25T00:13:50.292Z [Modules] Streaming discord_voice@1 to /home/cjsmith/.config/discord/0.0.32/modules/pending/discord_voice-1.zip: 40%
2023-10-25T00:13:50.296Z [Modules] Streaming discord_voice@1 to /home/cjsmith/.config/discord/0.0.32/modules/pending/discord_voice-1.zip: 41%
2023-10-25T00:13:50.338Z [Modules] Streaming discord_voice@1 to /home/cjsmith/.config/discord/0.0.32/modules/pending/discord_voice-1.zip: 42%
2023-10-25T00:13:50.347Z [Modules] Streaming discord_voice@1 to /home/cjsmith/.config/discord/0.0.32/modules/pending/discord_voice-1.zip: 43%
2023-10-25T00:13:50.355Z [Modules] Streaming discord_voice@1 to /home/cjsmith/.config/discord/0.0.32/modules/pending/discord_voice-1.zip: 44%
2023-10-25T00:13:50.365Z [Modules] Streaming discord_voice@1 to /home/cjsmith/.config/discord/0.0.32/modules/pending/discord_voice-1.zip: 45%
2023-10-25T00:13:50.401Z [Modules] Streaming discord_voice@1 to /home/cjsmith/.config/discord/0.0.32/modules/pending/discord_voice-1.zip: 46%
2023-10-25T00:13:50.414Z [Modules] Streaming discord_voice@1 to /home/cjsmith/.config/discord/0.0.32/modules/pending/discord_voice-1.zip: 47%
2023-10-25T00:13:50.417Z [Modules] Streaming discord_voice@1 to /home/cjsmith/.config/discord/0.0.32/modules/pending/discord_voice-1.zip: 48%
2023-10-25T00:13:50.462Z [Modules] Streaming discord_voice@1 to /home/cjsmith/.config/discord/0.0.32/modules/pending/discord_voice-1.zip: 49%
2023-10-25T00:13:50.466Z [Modules] Streaming discord_voice@1 to /home/cjsmith/.config/discord/0.0.32/modules/pending/discord_voice-1.zip: 50%
2023-10-25T00:13:50.481Z [Modules] Streaming discord_voice@1 to /home/cjsmith/.config/discord/0.0.32/modules/pending/discord_voice-1.zip: 51%
2023-10-25T00:13:50.485Z [Modules] Streaming discord_voice@1 to /home/cjsmith/.config/discord/0.0.32/modules/pending/discord_voice-1.zip: 52%
2023-10-25T00:13:50.532Z [Modules] Streaming discord_voice@1 to /home/cjsmith/.config/discord/0.0.32/modules/pending/discord_voice-1.zip: 53%
2023-10-25T00:13:50.540Z [Modules] Streaming discord_voice@1 to /home/cjsmith/.config/discord/0.0.32/modules/pending/discord_voice-1.zip: 54%
2023-10-25T00:13:50.546Z [Modules] Streaming discord_voice@1 to /home/cjsmith/.config/discord/0.0.32/modules/pending/discord_voice-1.zip: 55%
2023-10-25T00:13:50.579Z [Modules] Streaming discord_voice@1 to /home/cjsmith/.config/discord/0.0.32/modules/pending/discord_voice-1.zip: 56%
2023-10-25T00:13:50.594Z [Modules] Streaming discord_voice@1 to /home/cjsmith/.config/discord/0.0.32/modules/pending/discord_voice-1.zip: 57%
2023-10-25T00:13:50.605Z [Modules] Streaming discord_voice@1 to /home/cjsmith/.config/discord/0.0.32/modules/pending/discord_voice-1.zip: 58%
2023-10-25T00:13:50.609Z [Modules] Streaming discord_voice@1 to /home/cjsmith/.config/discord/0.0.32/modules/pending/discord_voice-1.zip: 59%
2023-10-25T00:13:50.656Z [Modules] Streaming discord_voice@1 to /home/cjsmith/.config/discord/0.0.32/modules/pending/discord_voice-1.zip: 60%
2023-10-25T00:13:50.667Z [Modules] Streaming discord_voice@1 to /home/cjsmith/.config/discord/0.0.32/modules/pending/discord_voice-1.zip: 61%
2023-10-25T00:13:50.677Z [Modules] Streaming discord_voice@1 to /home/cjsmith/.config/discord/0.0.32/modules/pending/discord_voice-1.zip: 62%
2023-10-25T00:13:50.684Z [Modules] Streaming discord_voice@1 to /home/cjsmith/.config/discord/0.0.32/modules/pending/discord_voice-1.zip: 63%
2023-10-25T00:13:50.696Z [Modules] Streaming discord_voice@1 to /home/cjsmith/.config/discord/0.0.32/modules/pending/discord_voice-1.zip: 64%
2023-10-25T00:13:51.021Z [Modules] Streaming discord_voice@1 to /home/cjsmith/.config/discord/0.0.32/modules/pending/discord_voice-1.zip: 65%
2023-10-25T00:13:51.030Z [Modules] Streaming discord_voice@1 to /home/cjsmith/.config/discord/0.0.32/modules/pending/discord_voice-1.zip: 66%
2023-10-25T00:13:51.043Z [Modules] Streaming discord_voice@1 to /home/cjsmith/.config/discord/0.0.32/modules/pending/discord_voice-1.zip: 67%
2023-10-25T00:13:51.090Z [Modules] Streaming discord_voice@1 to /home/cjsmith/.config/discord/0.0.32/modules/pending/discord_voice-1.zip: 68%
2023-10-25T00:13:51.100Z [Modules] Streaming discord_voice@1 to /home/cjsmith/.config/discord/0.0.32/modules/pending/discord_voice-1.zip: 69%
2023-10-25T00:13:51.111Z [Modules] Streaming discord_voice@1 to /home/cjsmith/.config/discord/0.0.32/modules/pending/discord_voice-1.zip: 70%
2023-10-25T00:13:51.170Z [Modules] Streaming discord_voice@1 to /home/cjsmith/.config/discord/0.0.32/modules/pending/discord_voice-1.zip: 71%
2023-10-25T00:13:51.174Z [Modules] Streaming discord_voice@1 to /home/cjsmith/.config/discord/0.0.32/modules/pending/discord_voice-1.zip: 72%
2023-10-25T00:13:51.200Z [Modules] Streaming discord_voice@1 to /home/cjsmith/.config/discord/0.0.32/modules/pending/discord_voice-1.zip: 73%
2023-10-25T00:13:51.204Z [Modules] Streaming discord_voice@1 to /home/cjsmith/.config/discord/0.0.32/modules/pending/discord_voice-1.zip: 74%
2023-10-25T00:13:51.207Z [Modules] Streaming discord_voice@1 to /home/cjsmith/.config/discord/0.0.32/modules/pending/discord_voice-1.zip: 75%
2023-10-25T00:13:51.220Z [Modules] Streaming discord_voice@1 to /home/cjsmith/.config/discord/0.0.32/modules/pending/discord_voice-1.zip: 76%
2023-10-25T00:13:51.247Z [Modules] Streaming discord_voice@1 to /home/cjsmith/.config/discord/0.0.32/modules/pending/discord_voice-1.zip: 77%
2023-10-25T00:13:51.285Z [Modules] Streaming discord_voice@1 to /home/cjsmith/.config/discord/0.0.32/modules/pending/discord_voice-1.zip: 78%
2023-10-25T00:13:51.288Z [Modules] Streaming discord_voice@1 to /home/cjsmith/.config/discord/0.0.32/modules/pending/discord_voice-1.zip: 79%
2023-10-25T00:13:51.384Z [Modules] Streaming discord_voice@1 to /home/cjsmith/.config/discord/0.0.32/modules/pending/discord_voice-1.zip: 80%
2023-10-25T00:13:51.387Z [Modules] Streaming discord_voice@1 to /home/cjsmith/.config/discord/0.0.32/modules/pending/discord_voice-1.zip: 81%
2023-10-25T00:13:51.391Z [Modules] Streaming discord_voice@1 to /home/cjsmith/.config/discord/0.0.32/modules/pending/discord_voice-1.zip: 82%
2023-10-25T00:13:51.395Z [Modules] Streaming discord_voice@1 to /home/cjsmith/.config/discord/0.0.32/modules/pending/discord_voice-1.zip: 83%
2023-10-25T00:13:51.399Z [Modules] Streaming discord_voice@1 to /home/cjsmith/.config/discord/0.0.32/modules/pending/discord_voice-1.zip: 84%
2023-10-25T00:13:51.402Z [Modules] Streaming discord_voice@1 to /home/cjsmith/.config/discord/0.0.32/modules/pending/discord_voice-1.zip: 86%
2023-10-25T00:13:51.405Z [Modules] Streaming discord_voice@1 to /home/cjsmith/.config/discord/0.0.32/modules/pending/discord_voice-1.zip: 87%
2023-10-25T00:13:51.452Z [Modules] Streaming discord_voice@1 to /home/cjsmith/.config/discord/0.0.32/modules/pending/discord_voice-1.zip: 88%
2023-10-25T00:13:51.459Z [Modules] Streaming discord_voice@1 to /home/cjsmith/.config/discord/0.0.32/modules/pending/discord_voice-1.zip: 89%
2023-10-25T00:13:51.525Z [Modules] Streaming discord_voice@1 to /home/cjsmith/.config/discord/0.0.32/modules/pending/discord_voice-1.zip: 90%
2023-10-25T00:13:51.529Z [Modules] Streaming discord_voice@1 to /home/cjsmith/.config/discord/0.0.32/modules/pending/discord_voice-1.zip: 91%
2023-10-25T00:13:51.537Z [Modules] Streaming discord_voice@1 to /home/cjsmith/.config/discord/0.0.32/modules/pending/discord_voice-1.zip: 92%
2023-10-25T00:13:51.540Z [Modules] Streaming discord_voice@1 to /home/cjsmith/.config/discord/0.0.32/modules/pending/discord_voice-1.zip: 93%
2023-10-25T00:13:51.575Z [Modules] Streaming discord_voice@1 to /home/cjsmith/.config/discord/0.0.32/modules/pending/discord_voice-1.zip: 94%
2023-10-25T00:13:51.578Z [Modules] Streaming discord_voice@1 to /home/cjsmith/.config/discord/0.0.32/modules/pending/discord_voice-1.zip: 95%
2023-10-25T00:13:51.583Z [Modules] Streaming discord_voice@1 to /home/cjsmith/.config/discord/0.0.32/modules/pending/discord_voice-1.zip: 96%
2023-10-25T00:13:51.586Z [Modules] Streaming discord_voice@1 to /home/cjsmith/.config/discord/0.0.32/modules/pending/discord_voice-1.zip: 97%
2023-10-25T00:13:51.632Z [Modules] Streaming discord_voice@1 to /home/cjsmith/.config/discord/0.0.32/modules/pending/discord_voice-1.zip: 98%
2023-10-25T00:13:51.635Z [Modules] Streaming discord_voice@1 to /home/cjsmith/.config/discord/0.0.32/modules/pending/discord_voice-1.zip: 99%
2023-10-25T00:13:51.637Z [Modules] Streaming discord_voice@1 to /home/cjsmith/.config/discord/0.0.32/modules/pending/discord_voice-1.zip: 100%
2023-10-25T00:13:51.641Z [Modules] Finished module downloads. [success: 5] [failure: 0]
2023-10-25T00:13:51.642Z [Modules] Installing updates...
2023-10-25T00:13:51.642Z [Modules] Installing discord_desktop_core@1 from /home/cjsmith/.config/discord/0.0.32/modules/pending/discord_desktop_core-1.zip
2023-10-25T00:13:51.797Z [Modules] Installing discord_erlpack@1 from /home/cjsmith/.config/discord/0.0.32/modules/pending/discord_erlpack-1.zip
2023-10-25T00:13:51.872Z [Modules] Installing discord_spellcheck@1 from /home/cjsmith/.config/discord/0.0.32/modules/pending/discord_spellcheck-1.zip
2023-10-25T00:13:52.959Z [Modules] Installing discord_utils@1 from /home/cjsmith/.config/discord/0.0.32/modules/pending/discord_utils-1.zip
2023-10-25T00:13:53.587Z [Modules] Installing discord_voice@1 from /home/cjsmith/.config/discord/0.0.32/modules/pending/discord_voice-1.zip
2023-10-25T00:13:54.667Z [Modules] Finished module installations. [success: 5] [failure: 0]
2023-10-25T00:13:54.668Z [Modules] Checking for host updates.
2023-10-25T00:13:54.827Z [Modules] Host is up to date.
2023-10-25T00:13:54.827Z [Modules] Checking for module updates at https://discord.com/api/modules/stable/versions.json
2023-10-25T00:13:54.837Z [Modules] No module updates available.
2023-10-25T00:13:56.956Z [Modules] Starting to install discord_krisp...
2023-10-25T00:13:56.956Z [Modules] Fetching discord_krisp@1 from https://discord.com/api/modules/stable/discord_krisp/1
2023-10-25T00:13:56.957Z [Modules] Streaming discord_krisp@1 to /home/cjsmith/.config/discord/0.0.32/modules/pending/discord_krisp-1.zip
2023-10-25T00:13:56.977Z [Modules] Starting to install discord_game_utils...
2023-10-25T00:13:58.522Z [Modules] Streaming discord_krisp@1 to /home/cjsmith/.config/discord/0.0.32/modules/pending/discord_krisp-1.zip: 1%
2023-10-25T00:13:58.523Z [Modules] Streaming discord_krisp@1 to /home/cjsmith/.config/discord/0.0.32/modules/pending/discord_krisp-1.zip: 2%
2023-10-25T00:13:58.564Z [Modules] Streaming discord_krisp@1 to /home/cjsmith/.config/discord/0.0.32/modules/pending/discord_krisp-1.zip: 3%
2023-10-25T00:13:58.579Z [Modules] Streaming discord_krisp@1 to /home/cjsmith/.config/discord/0.0.32/modules/pending/discord_krisp-1.zip: 4%
2023-10-25T00:13:58.617Z [Modules] Streaming discord_krisp@1 to /home/cjsmith/.config/discord/0.0.32/modules/pending/discord_krisp-1.zip: 5%
2023-10-25T00:13:58.670Z [Modules] Streaming discord_krisp@1 to /home/cjsmith/.config/discord/0.0.32/modules/pending/discord_krisp-1.zip: 6%
2023-10-25T00:13:58.671Z [Modules] Streaming discord_krisp@1 to /home/cjsmith/.config/discord/0.0.32/modules/pending/discord_krisp-1.zip: 7%
2023-10-25T00:13:58.673Z [Modules] Streaming discord_krisp@1 to /home/cjsmith/.config/discord/0.0.32/modules/pending/discord_krisp-1.zip: 8%
2023-10-25T00:13:58.846Z [Modules] Streaming discord_krisp@1 to /home/cjsmith/.config/discord/0.0.32/modules/pending/discord_krisp-1.zip: 9%
2023-10-25T00:13:58.870Z [Modules] Streaming discord_krisp@1 to /home/cjsmith/.config/discord/0.0.32/modules/pending/discord_krisp-1.zip: 10%
2023-10-25T00:13:58.876Z [Modules] Streaming discord_krisp@1 to /home/cjsmith/.config/discord/0.0.32/modules/pending/discord_krisp-1.zip: 11%
2023-10-25T00:13:58.880Z [Modules] Streaming discord_krisp@1 to /home/cjsmith/.config/discord/0.0.32/modules/pending/discord_krisp-1.zip: 12%
2023-10-25T00:13:58.885Z [Modules] Streaming discord_krisp@1 to /home/cjsmith/.config/discord/0.0.32/modules/pending/discord_krisp-1.zip: 13%
2023-10-25T00:13:58.889Z [Modules] Streaming discord_krisp@1 to /home/cjsmith/.config/discord/0.0.32/modules/pending/discord_krisp-1.zip: 14%
2023-10-25T00:13:58.890Z [Modules] Streaming discord_krisp@1 to /home/cjsmith/.config/discord/0.0.32/modules/pending/discord_krisp-1.zip: 15%
2023-10-25T00:13:58.890Z [Modules] Streaming discord_krisp@1 to /home/cjsmith/.config/discord/0.0.32/modules/pending/discord_krisp-1.zip: 16%
2023-10-25T00:13:58.891Z [Modules] Streaming discord_krisp@1 to /home/cjsmith/.config/discord/0.0.32/modules/pending/discord_krisp-1.zip: 17%
2023-10-25T00:13:58.898Z [Modules] Streaming discord_krisp@1 to /home/cjsmith/.config/discord/0.0.32/modules/pending/discord_krisp-1.zip: 18%
2023-10-25T00:13:58.907Z [Modules] Streaming discord_krisp@1 to /home/cjsmith/.config/discord/0.0.32/modules/pending/discord_krisp-1.zip: 19%
2023-10-25T00:13:58.995Z [Modules] Streaming discord_krisp@1 to /home/cjsmith/.config/discord/0.0.32/modules/pending/discord_krisp-1.zip: 20%
2023-10-25T00:13:58.997Z [Modules] Streaming discord_krisp@1 to /home/cjsmith/.config/discord/0.0.32/modules/pending/discord_krisp-1.zip: 21%
2023-10-25T00:13:58.998Z [Modules] Streaming discord_krisp@1 to /home/cjsmith/.config/discord/0.0.32/modules/pending/discord_krisp-1.zip: 22%
2023-10-25T00:13:58.998Z [Modules] Streaming discord_krisp@1 to /home/cjsmith/.config/discord/0.0.32/modules/pending/discord_krisp-1.zip: 23%
2023-10-25T00:13:59.025Z [Modules] Streaming discord_krisp@1 to /home/cjsmith/.config/discord/0.0.32/modules/pending/discord_krisp-1.zip: 24%
2023-10-25T00:13:59.026Z [Modules] Streaming discord_krisp@1 to /home/cjsmith/.config/discord/0.0.32/modules/pending/discord_krisp-1.zip: 25%
2023-10-25T00:13:59.030Z [Modules] Streaming discord_krisp@1 to /home/cjsmith/.config/discord/0.0.32/modules/pending/discord_krisp-1.zip: 26%
2023-10-25T00:13:59.031Z [Modules] Streaming discord_krisp@1 to /home/cjsmith/.config/discord/0.0.32/modules/pending/discord_krisp-1.zip: 27%
2023-10-25T00:13:59.066Z [Modules] Streaming discord_krisp@1 to /home/cjsmith/.config/discord/0.0.32/modules/pending/discord_krisp-1.zip: 28%
2023-10-25T00:13:59.081Z [Modules] Streaming discord_krisp@1 to /home/cjsmith/.config/discord/0.0.32/modules/pending/discord_krisp-1.zip: 29%
2023-10-25T00:13:59.090Z [Modules] Streaming discord_krisp@1 to /home/cjsmith/.config/discord/0.0.32/modules/pending/discord_krisp-1.zip: 30%
2023-10-25T00:13:59.098Z [Modules] Streaming discord_krisp@1 to /home/cjsmith/.config/discord/0.0.32/modules/pending/discord_krisp-1.zip: 31%
2023-10-25T00:13:59.143Z [Modules] Streaming discord_krisp@1 to /home/cjsmith/.config/discord/0.0.32/modules/pending/discord_krisp-1.zip: 32%
2023-10-25T00:13:59.150Z [Modules] Streaming discord_krisp@1 to /home/cjsmith/.config/discord/0.0.32/modules/pending/discord_krisp-1.zip: 33%
2023-10-25T00:13:59.191Z [Modules] Streaming discord_krisp@1 to /home/cjsmith/.config/discord/0.0.32/modules/pending/discord_krisp-1.zip: 34%
2023-10-25T00:13:59.238Z [Modules] Streaming discord_krisp@1 to /home/cjsmith/.config/discord/0.0.32/modules/pending/discord_krisp-1.zip: 35%
2023-10-25T00:13:59.250Z [Modules] Streaming discord_krisp@1 to /home/cjsmith/.config/discord/0.0.32/modules/pending/discord_krisp-1.zip: 36%
2023-10-25T00:13:59.280Z [Modules] Streaming discord_krisp@1 to /home/cjsmith/.config/discord/0.0.32/modules/pending/discord_krisp-1.zip: 37%
2023-10-25T00:13:59.290Z [Modules] Streaming discord_krisp@1 to /home/cjsmith/.config/discord/0.0.32/modules/pending/discord_krisp-1.zip: 38%
2023-10-25T00:13:59.328Z [Modules] Streaming discord_krisp@1 to /home/cjsmith/.config/discord/0.0.32/modules/pending/discord_krisp-1.zip: 39%
2023-10-25T00:13:59.333Z [Modules] Streaming discord_krisp@1 to /home/cjsmith/.config/discord/0.0.32/modules/pending/discord_krisp-1.zip: 40%
2023-10-25T00:13:59.395Z [Modules] Streaming discord_krisp@1 to /home/cjsmith/.config/discord/0.0.32/modules/pending/discord_krisp-1.zip: 41%
2023-10-25T00:13:59.397Z [Modules] Streaming discord_krisp@1 to /home/cjsmith/.config/discord/0.0.32/modules/pending/discord_krisp-1.zip: 42%
2023-10-25T00:13:59.399Z [Modules] Streaming discord_krisp@1 to /home/cjsmith/.config/discord/0.0.32/modules/pending/discord_krisp-1.zip: 43%
2023-10-25T00:13:59.444Z [Modules] Streaming discord_krisp@1 to /home/cjsmith/.config/discord/0.0.32/modules/pending/discord_krisp-1.zip: 44%
2023-10-25T00:13:59.445Z [Modules] Streaming discord_krisp@1 to /home/cjsmith/.config/discord/0.0.32/modules/pending/discord_krisp-1.zip: 45%
2023-10-25T00:13:59.475Z [Modules] Streaming discord_krisp@1 to /home/cjsmith/.config/discord/0.0.32/modules/pending/discord_krisp-1.zip: 46%
2023-10-25T00:13:59.479Z [Modules] Streaming discord_krisp@1 to /home/cjsmith/.config/discord/0.0.32/modules/pending/discord_krisp-1.zip: 47%
2023-10-25T00:13:59.480Z [Modules] Streaming discord_krisp@1 to /home/cjsmith/.config/discord/0.0.32/modules/pending/discord_krisp-1.zip: 48%
2023-10-25T00:13:59.514Z [Modules] Streaming discord_krisp@1 to /home/cjsmith/.config/discord/0.0.32/modules/pending/discord_krisp-1.zip: 49%
2023-10-25T00:13:59.556Z [Modules] Streaming discord_krisp@1 to /home/cjsmith/.config/discord/0.0.32/modules/pending/discord_krisp-1.zip: 50%
2023-10-25T00:13:59.565Z [Modules] Streaming discord_krisp@1 to /home/cjsmith/.config/discord/0.0.32/modules/pending/discord_krisp-1.zip: 51%
2023-10-25T00:13:59.576Z [Modules] Streaming discord_krisp@1 to /home/cjsmith/.config/discord/0.0.32/modules/pending/discord_krisp-1.zip: 52%
2023-10-25T00:13:59.611Z [Modules] Streaming discord_krisp@1 to /home/cjsmith/.config/discord/0.0.32/modules/pending/discord_krisp-1.zip: 53%
2023-10-25T00:13:59.646Z [Modules] Streaming discord_krisp@1 to /home/cjsmith/.config/discord/0.0.32/modules/pending/discord_krisp-1.zip: 54%
2023-10-25T00:13:59.647Z [Modules] Streaming discord_krisp@1 to /home/cjsmith/.config/discord/0.0.32/modules/pending/discord_krisp-1.zip: 55%
2023-10-25T00:13:59.656Z [Modules] Streaming discord_krisp@1 to /home/cjsmith/.config/discord/0.0.32/modules/pending/discord_krisp-1.zip: 56%
2023-10-25T00:13:59.701Z [Modules] Streaming discord_krisp@1 to /home/cjsmith/.config/discord/0.0.32/modules/pending/discord_krisp-1.zip: 57%
2023-10-25T00:13:59.702Z [Modules] Streaming discord_krisp@1 to /home/cjsmith/.config/discord/0.0.32/modules/pending/discord_krisp-1.zip: 58%
2023-10-25T00:13:59.702Z [Modules] Streaming discord_krisp@1 to /home/cjsmith/.config/discord/0.0.32/modules/pending/discord_krisp-1.zip: 59%
2023-10-25T00:13:59.703Z [Modules] Streaming discord_krisp@1 to /home/cjsmith/.config/discord/0.0.32/modules/pending/discord_krisp-1.zip: 60%
2023-10-25T00:13:59.734Z [Modules] Checking for host updates.
2023-10-25T00:13:59.740Z [Modules] Streaming discord_krisp@1 to /home/cjsmith/.config/discord/0.0.32/modules/pending/discord_krisp-1.zip: 61%
2023-10-25T00:13:59.778Z [Modules] Streaming discord_krisp@1 to /home/cjsmith/.config/discord/0.0.32/modules/pending/discord_krisp-1.zip: 62%
2023-10-25T00:13:59.809Z [Modules] Streaming discord_krisp@1 to /home/cjsmith/.config/discord/0.0.32/modules/pending/discord_krisp-1.zip: 63%
2023-10-25T00:13:59.810Z [Modules] Streaming discord_krisp@1 to /home/cjsmith/.config/discord/0.0.32/modules/pending/discord_krisp-1.zip: 64%
2023-10-25T00:13:59.846Z [Modules] Streaming discord_krisp@1 to /home/cjsmith/.config/discord/0.0.32/modules/pending/discord_krisp-1.zip: 65%
2023-10-25T00:13:59.883Z [Modules] Streaming discord_krisp@1 to /home/cjsmith/.config/discord/0.0.32/modules/pending/discord_krisp-1.zip: 66%
2023-10-25T00:13:59.896Z [Modules] Host is up to date.
2023-10-25T00:13:59.896Z [Modules] Checking for module updates at https://discord.com/api/modules/stable/versions.json
2023-10-25T00:13:59.899Z [Modules] No module updates available.
2023-10-25T00:13:59.916Z [Modules] Streaming discord_krisp@1 to /home/cjsmith/.config/discord/0.0.32/modules/pending/discord_krisp-1.zip: 67%
2023-10-25T00:13:59.917Z [Modules] Streaming discord_krisp@1 to /home/cjsmith/.config/discord/0.0.32/modules/pending/discord_krisp-1.zip: 68%
2023-10-25T00:13:59.917Z [Modules] Streaming discord_krisp@1 to /home/cjsmith/.config/discord/0.0.32/modules/pending/discord_krisp-1.zip: 69%
2023-10-25T00:13:59.918Z [Modules] Streaming discord_krisp@1 to /home/cjsmith/.config/discord/0.0.32/modules/pending/discord_krisp-1.zip: 70%
2023-10-25T00:13:59.923Z [Modules] Streaming discord_krisp@1 to /home/cjsmith/.config/discord/0.0.32/modules/pending/discord_krisp-1.zip: 71%
2023-10-25T00:13:59.990Z [Modules] Streaming discord_krisp@1 to /home/cjsmith/.config/discord/0.0.32/modules/pending/discord_krisp-1.zip: 72%
2023-10-25T00:13:59.990Z [Modules] Streaming discord_krisp@1 to /home/cjsmith/.config/discord/0.0.32/modules/pending/discord_krisp-1.zip: 73%
2023-10-25T00:13:59.991Z [Modules] Streaming discord_krisp@1 to /home/cjsmith/.config/discord/0.0.32/modules/pending/discord_krisp-1.zip: 74%
2023-10-25T00:14:00.034Z [Modules] Streaming discord_krisp@1 to /home/cjsmith/.config/discord/0.0.32/modules/pending/discord_krisp-1.zip: 75%
2023-10-25T00:14:00.038Z [Modules] Streaming discord_krisp@1 to /home/cjsmith/.config/discord/0.0.32/modules/pending/discord_krisp-1.zip: 76%
2023-10-25T00:14:00.068Z [Modules] Streaming discord_krisp@1 to /home/cjsmith/.config/discord/0.0.32/modules/pending/discord_krisp-1.zip: 77%
2023-10-25T00:14:00.086Z [Modules] Starting to install discord_rpc...
2023-10-25T00:14:00.102Z [Modules] Streaming discord_krisp@1 to /home/cjsmith/.config/discord/0.0.32/modules/pending/discord_krisp-1.zip: 78%
2023-10-25T00:14:00.103Z [Modules] Streaming discord_krisp@1 to /home/cjsmith/.config/discord/0.0.32/modules/pending/discord_krisp-1.zip: 79%
2023-10-25T00:14:00.123Z [Modules] Streaming discord_krisp@1 to /home/cjsmith/.config/discord/0.0.32/modules/pending/discord_krisp-1.zip: 80%
2023-10-25T00:14:00.140Z [Modules] Streaming discord_krisp@1 to /home/cjsmith/.config/discord/0.0.32/modules/pending/discord_krisp-1.zip: 81%
2023-10-25T00:14:00.168Z [Modules] Streaming discord_krisp@1 to /home/cjsmith/.config/discord/0.0.32/modules/pending/discord_krisp-1.zip: 82%
2023-10-25T00:14:00.208Z [Modules] Streaming discord_krisp@1 to /home/cjsmith/.config/discord/0.0.32/modules/pending/discord_krisp-1.zip: 85%
2023-10-25T00:14:00.224Z [Modules] Streaming discord_krisp@1 to /home/cjsmith/.config/discord/0.0.32/modules/pending/discord_krisp-1.zip: 86%
2023-10-25T00:14:00.229Z [Modules] Streaming discord_krisp@1 to /home/cjsmith/.config/discord/0.0.32/modules/pending/discord_krisp-1.zip: 87%
2023-10-25T00:14:00.295Z [Modules] Streaming discord_krisp@1 to /home/cjsmith/.config/discord/0.0.32/modules/pending/discord_krisp-1.zip: 88%
2023-10-25T00:14:00.332Z [Modules] Streaming discord_krisp@1 to /home/cjsmith/.config/discord/0.0.32/modules/pending/discord_krisp-1.zip: 89%
2023-10-25T00:14:00.335Z [Modules] Streaming discord_krisp@1 to /home/cjsmith/.config/discord/0.0.32/modules/pending/discord_krisp-1.zip: 90%
2023-10-25T00:14:00.337Z [Modules] Streaming discord_krisp@1 to /home/cjsmith/.config/discord/0.0.32/modules/pending/discord_krisp-1.zip: 91%
2023-10-25T00:14:00.349Z [Modules] Streaming discord_krisp@1 to /home/cjsmith/.config/discord/0.0.32/modules/pending/discord_krisp-1.zip: 92%
2023-10-25T00:14:00.375Z [Modules] Streaming discord_krisp@1 to /home/cjsmith/.config/discord/0.0.32/modules/pending/discord_krisp-1.zip: 93%
2023-10-25T00:14:00.421Z [Modules] Streaming discord_krisp@1 to /home/cjsmith/.config/discord/0.0.32/modules/pending/discord_krisp-1.zip: 94%
2023-10-25T00:14:00.449Z [Modules] Streaming discord_krisp@1 to /home/cjsmith/.config/discord/0.0.32/modules/pending/discord_krisp-1.zip: 95%
2023-10-25T00:14:00.457Z [Modules] Streaming discord_krisp@1 to /home/cjsmith/.config/discord/0.0.32/modules/pending/discord_krisp-1.zip: 96%
2023-10-25T00:14:00.462Z [Modules] Streaming discord_krisp@1 to /home/cjsmith/.config/discord/0.0.32/modules/pending/discord_krisp-1.zip: 97%
2023-10-25T00:14:00.464Z [Modules] Streaming discord_krisp@1 to /home/cjsmith/.config/discord/0.0.32/modules/pending/discord_krisp-1.zip: 98%
2023-10-25T00:14:00.471Z [Modules] Streaming discord_krisp@1 to /home/cjsmith/.config/discord/0.0.32/modules/pending/discord_krisp-1.zip: 99%
2023-10-25T00:14:00.785Z [Modules] Streaming discord_krisp@1 to /home/cjsmith/.config/discord/0.0.32/modules/pending/discord_krisp-1.zip: 100%
2023-10-25T00:14:00.789Z [Modules] Fetching discord_game_utils@1 from https://discord.com/api/modules/stable/discord_game_utils/1
2023-10-25T00:14:00.789Z [Modules] Streaming discord_game_utils@1 to /home/cjsmith/.config/discord/0.0.32/modules/pending/discord_game_utils-1.zip
2023-10-25T00:14:00.790Z [Modules] Installing discord_krisp@1 from /home/cjsmith/.config/discord/0.0.32/modules/pending/discord_krisp-1.zip
2023-10-25T00:14:01.004Z [Modules] Streaming discord_game_utils@1 to /home/cjsmith/.config/discord/0.0.32/modules/pending/discord_game_utils-1.zip: 1%
2023-10-25T00:14:01.006Z [Modules] Streaming discord_game_utils@1 to /home/cjsmith/.config/discord/0.0.32/modules/pending/discord_game_utils-1.zip: 2%
2023-10-25T00:14:01.008Z [Modules] Streaming discord_game_utils@1 to /home/cjsmith/.config/discord/0.0.32/modules/pending/discord_game_utils-1.zip: 3%
2023-10-25T00:14:01.016Z [Modules] Streaming discord_game_utils@1 to /home/cjsmith/.config/discord/0.0.32/modules/pending/discord_game_utils-1.zip: 6%
2023-10-25T00:14:01.020Z [Modules] Streaming discord_game_utils@1 to /home/cjsmith/.config/discord/0.0.32/modules/pending/discord_game_utils-1.zip: 8%
2023-10-25T00:14:01.022Z [Modules] Streaming discord_game_utils@1 to /home/cjsmith/.config/discord/0.0.32/modules/pending/discord_game_utils-1.zip: 9%
2023-10-25T00:14:01.056Z [Modules] Streaming discord_game_utils@1 to /home/cjsmith/.config/discord/0.0.32/modules/pending/discord_game_utils-1.zip: 12%
2023-10-25T00:14:01.061Z [Modules] Streaming discord_game_utils@1 to /home/cjsmith/.config/discord/0.0.32/modules/pending/discord_game_utils-1.zip: 15%
2023-10-25T00:14:01.065Z [Modules] Streaming discord_game_utils@1 to /home/cjsmith/.config/discord/0.0.32/modules/pending/discord_game_utils-1.zip: 16%
2023-10-25T00:14:01.067Z [Modules] Streaming discord_game_utils@1 to /home/cjsmith/.config/discord/0.0.32/modules/pending/discord_game_utils-1.zip: 18%
2023-10-25T00:14:01.069Z [Modules] Streaming discord_game_utils@1 to /home/cjsmith/.config/discord/0.0.32/modules/pending/discord_game_utils-1.zip: 20%
2023-10-25T00:14:01.074Z [Modules] Streaming discord_game_utils@1 to /home/cjsmith/.config/discord/0.0.32/modules/pending/discord_game_utils-1.zip: 22%
2023-10-25T00:14:01.078Z [Modules] Streaming discord_game_utils@1 to /home/cjsmith/.config/discord/0.0.32/modules/pending/discord_game_utils-1.zip: 24%
2023-10-25T00:14:01.079Z [Modules] Streaming discord_game_utils@1 to /home/cjsmith/.config/discord/0.0.32/modules/pending/discord_game_utils-1.zip: 27%
2023-10-25T00:14:01.080Z [Modules] Streaming discord_game_utils@1 to /home/cjsmith/.config/discord/0.0.32/modules/pending/discord_game_utils-1.zip: 31%
2023-10-25T00:14:01.080Z [Modules] Streaming discord_game_utils@1 to /home/cjsmith/.config/discord/0.0.32/modules/pending/discord_game_utils-1.zip: 36%
2023-10-25T00:14:01.082Z [Modules] Streaming discord_game_utils@1 to /home/cjsmith/.config/discord/0.0.32/modules/pending/discord_game_utils-1.zip: 37%
2023-10-25T00:14:01.087Z [Modules] Streaming discord_game_utils@1 to /home/cjsmith/.config/discord/0.0.32/modules/pending/discord_game_utils-1.zip: 40%
2023-10-25T00:14:01.091Z [Modules] Streaming discord_game_utils@1 to /home/cjsmith/.config/discord/0.0.32/modules/pending/discord_game_utils-1.zip: 41%
2023-10-25T00:14:01.094Z [Modules] Streaming discord_game_utils@1 to /home/cjsmith/.config/discord/0.0.32/modules/pending/discord_game_utils-1.zip: 42%
2023-10-25T00:14:01.096Z [Modules] Streaming discord_game_utils@1 to /home/cjsmith/.config/discord/0.0.32/modules/pending/discord_game_utils-1.zip: 43%
2023-10-25T00:14:01.129Z [Modules] Streaming discord_game_utils@1 to /home/cjsmith/.config/discord/0.0.32/modules/pending/discord_game_utils-1.zip: 46%
2023-10-25T00:14:01.136Z [Modules] Streaming discord_game_utils@1 to /home/cjsmith/.config/discord/0.0.32/modules/pending/discord_game_utils-1.zip: 59%
2023-10-25T00:14:01.152Z [Modules] Streaming discord_game_utils@1 to /home/cjsmith/.config/discord/0.0.32/modules/pending/discord_game_utils-1.zip: 60%
2023-10-25T00:14:01.155Z [Modules] Streaming discord_game_utils@1 to /home/cjsmith/.config/discord/0.0.32/modules/pending/discord_game_utils-1.zip: 61%
2023-10-25T00:14:01.156Z [Modules] Streaming discord_game_utils@1 to /home/cjsmith/.config/discord/0.0.32/modules/pending/discord_game_utils-1.zip: 62%
2023-10-25T00:14:01.160Z [Modules] Streaming discord_game_utils@1 to /home/cjsmith/.config/discord/0.0.32/modules/pending/discord_game_utils-1.zip: 64%
2023-10-25T00:14:01.191Z [Modules] Streaming discord_game_utils@1 to /home/cjsmith/.config/discord/0.0.32/modules/pending/discord_game_utils-1.zip: 65%
2023-10-25T00:14:01.192Z [Modules] Streaming discord_game_utils@1 to /home/cjsmith/.config/discord/0.0.32/modules/pending/discord_game_utils-1.zip: 68%
2023-10-25T00:14:01.193Z [Modules] Streaming discord_game_utils@1 to /home/cjsmith/.config/discord/0.0.32/modules/pending/discord_game_utils-1.zip: 76%
2023-10-25T00:14:01.195Z [Modules] Streaming discord_game_utils@1 to /home/cjsmith/.config/discord/0.0.32/modules/pending/discord_game_utils-1.zip: 79%
2023-10-25T00:14:01.196Z [Modules] Streaming discord_game_utils@1 to /home/cjsmith/.config/discord/0.0.32/modules/pending/discord_game_utils-1.zip: 82%
2023-10-25T00:14:01.207Z [Modules] Streaming discord_game_utils@1 to /home/cjsmith/.config/discord/0.0.32/modules/pending/discord_game_utils-1.zip: 83%
2023-10-25T00:14:01.231Z [Modules] Streaming discord_game_utils@1 to /home/cjsmith/.config/discord/0.0.32/modules/pending/discord_game_utils-1.zip: 86%
2023-10-25T00:14:01.231Z [Modules] Streaming discord_game_utils@1 to /home/cjsmith/.config/discord/0.0.32/modules/pending/discord_game_utils-1.zip: 90%
2023-10-25T00:14:01.237Z [Modules] Streaming discord_game_utils@1 to /home/cjsmith/.config/discord/0.0.32/modules/pending/discord_game_utils-1.zip: 100%
2023-10-25T00:14:01.239Z [Modules] Fetching discord_rpc@1 from https://discord.com/api/modules/stable/discord_rpc/1
2023-10-25T00:14:01.239Z [Modules] Streaming discord_rpc@1 to /home/cjsmith/.config/discord/0.0.32/modules/pending/discord_rpc-1.zip
2023-10-25T00:14:01.399Z [Modules] Streaming discord_rpc@1 to /home/cjsmith/.config/discord/0.0.32/modules/pending/discord_rpc-1.zip: 100%
2023-10-25T00:14:01.400Z [Modules] Finished module downloads. [success: 3] [failure: 0]
2023-10-25T00:14:01.481Z [Modules] Installing discord_game_utils@1 from /home/cjsmith/.config/discord/0.0.32/modules/pending/discord_game_utils-1.zip
2023-10-25T00:14:01.557Z [Modules] Installing discord_rpc@1 from /home/cjsmith/.config/discord/0.0.32/modules/pending/discord_rpc-1.zip
2023-10-25T00:14:01.591Z [Modules] Finished module installations. [success: 3] [failure: 0]
2023-10-25T01:24:04.162Z [Modules] Modules initializing
2023-10-25T01:24:04.162Z [Modules] Distribution: remote
2023-10-25T01:24:04.162Z [Modules] Host updates: enabled
2023-10-25T01:24:04.162Z [Modules] Module updates: enabled
2023-10-25T01:24:04.163Z [Modules] Module install path: /home/cjsmith/.config/discord/0.0.32/modules
2023-10-25T01:24:04.163Z [Modules] Module installed file path: /home/cjsmith/.config/discord/0.0.32/modules/installed.json
2023-10-25T01:24:04.164Z [Modules] Module download path: /home/cjsmith/.config/discord/0.0.32/modules/pending
2023-10-25T01:24:04.518Z [Modules] No updates to install
2023-10-25T01:24:04.519Z [Modules] Checking for host updates.
2023-10-25T01:24:04.806Z [Modules] Host is up to date.
2023-10-25T01:24:04.806Z [Modules] Checking for module updates at https://discord.com/api/modules/stable/versions.json
2023-10-25T01:24:04.840Z [Modules] No module updates available.
2023-10-25T01:24:10.855Z [Modules] Checking for host updates.
2023-10-25T01:24:11.100Z [Modules] Host is up to date.
2023-10-25T01:24:11.100Z [Modules] Checking for module updates at https://discord.com/api/modules/stable/versions.json
2023-10-25T01:24:11.106Z [Modules] No module updates available.
2023-10-25T02:24:10.863Z [Modules] Checking for host updates.
2023-10-25T02:24:11.055Z [Modules] Host is up to date.
2023-10-25T02:24:11.056Z [Modules] Checking for module updates at https://discord.com/api/modules/stable/versions.json
2023-10-25T02:24:11.092Z [Modules] No module updates available.
2023-10-25T02:50:47.647Z [Modules] Modules initializing
2023-10-25T02:50:47.648Z [Modules] Distribution: remote
2023-10-25T02:50:47.648Z [Modules] Host updates: enabled
2023-10-25T02:50:47.648Z [Modules] Module updates: enabled
2023-10-25T02:50:47.648Z [Modules] Module install path: /home/cjsmith/.config/discord/0.0.32/modules
2023-10-25T02:50:47.648Z [Modules] Module installed file path: /home/cjsmith/.config/discord/0.0.32/modules/installed.json
2023-10-25T02:50:47.649Z [Modules] Module download path: /home/cjsmith/.config/discord/0.0.32/modules/pending
2023-10-25T02:50:47.873Z [Modules] No updates to install
2023-10-25T02:50:47.874Z [Modules] Checking for host updates.
2023-10-25T02:50:48.175Z [Modules] Host is up to date.
2023-10-25T02:50:48.176Z [Modules] Checking for module updates at https://discord.com/api/modules/stable/versions.json
2023-10-25T02:50:48.216Z [Modules] No module updates available.
2023-10-25T02:50:56.356Z [Modules] Checking for host updates.
2023-10-25T02:50:56.500Z [Modules] Host is up to date.
2023-10-25T02:50:56.500Z [Modules] Checking for module updates at https://discord.com/api/modules/stable/versions.json
2023-10-25T02:50:56.521Z [Modules] No module updates available.
2023-10-25T02:54:46.037Z [Modules] Modules initializing
2023-10-25T02:54:46.037Z [Modules] Distribution: remote
2023-10-25T02:54:46.038Z [Modules] Host updates: enabled
2023-10-25T02:54:46.039Z [Modules] Module updates: enabled
2023-10-25T02:54:46.039Z [Modules] Module install path: /home/cjsmith/.config/discord/0.0.32/modules
2023-10-25T02:54:46.039Z [Modules] Module installed file path: /home/cjsmith/.config/discord/0.0.32/modules/installed.json
2023-10-25T02:54:46.040Z [Modules] Module download path: /home/cjsmith/.config/discord/0.0.32/modules/pending
2023-10-25T02:54:46.309Z [Modules] No updates to install
2023-10-25T02:54:46.310Z [Modules] Checking for host updates.
2023-10-25T02:54:46.602Z [Modules] Host is up to date.
2023-10-25T02:54:46.604Z [Modules] Checking for module updates at https://discord.com/api/modules/stable/versions.json
2023-10-25T02:54:46.617Z [Modules] No module updates available.
2023-10-25T02:54:53.289Z [Modules] Checking for host updates.
2023-10-25T02:54:53.429Z [Modules] Host is up to date.
2023-10-25T02:54:53.429Z [Modules] Checking for module updates at https://discord.com/api/modules/stable/versions.json
2023-10-25T02:54:53.434Z [Modules] No module updates available.
2023-10-25T08:20:22.087Z [Modules] Modules initializing
2023-10-25T08:20:22.087Z [Modules] Distribution: remote
2023-10-25T08:20:22.088Z [Modules] Host updates: enabled
2023-10-25T08:20:22.088Z [Modules] Module updates: enabled
2023-10-25T08:20:22.088Z [Modules] Module install path: /home/cjsmith/.config/discord/0.0.32/modules
2023-10-25T08:20:22.088Z [Modules] Module installed file path: /home/cjsmith/.config/discord/0.0.32/modules/installed.json
2023-10-25T08:20:22.088Z [Modules] Module download path: /home/cjsmith/.config/discord/0.0.32/modules/pending
2023-10-25T08:20:22.485Z [Modules] No updates to install
2023-10-25T08:20:22.486Z [Modules] Checking for host updates.
2023-10-25T08:20:22.933Z [Modules] Host is up to date.
2023-10-25T08:20:22.934Z [Modules] Checking for module updates at https://discord.com/api/modules/stable/versions.json
2023-10-25T08:20:23.060Z [Modules] No module updates available.
2023-10-25T08:20:34.392Z [Modules] Checking for host updates.
2023-10-25T08:20:34.523Z [Modules] Host is up to date.
2023-10-25T08:20:34.523Z [Modules] Checking for module updates at https://discord.com/api/modules/stable/versions.json
2023-10-25T08:20:34.526Z [Modules] No module updates available.
2023-10-25T09:08:24.417Z [Modules] Modules initializing
2023-10-25T09:08:24.417Z [Modules] Distribution: remote
2023-10-25T09:08:24.417Z [Modules] Host updates: enabled
2023-10-25T09:08:24.418Z [Modules] Module updates: enabled
2023-10-25T09:08:24.418Z [Modules] Module install path: /home/cjsmith/.config/discord/0.0.32/modules
2023-10-25T09:08:24.418Z [Modules] Module installed file path: /home/cjsmith/.config/discord/0.0.32/modules/installed.json
2023-10-25T09:08:24.419Z [Modules] Module download path: /home/cjsmith/.config/discord/0.0.32/modules/pending
2023-10-25T09:08:24.824Z [Modules] No updates to install
2023-10-25T09:08:24.825Z [Modules] Checking for host updates.
2023-10-25T09:08:25.137Z [Modules] Host is up to date.
2023-10-25T09:08:25.138Z [Modules] Checking for module updates at https://discord.com/api/modules/stable/versions.json
2023-10-25T09:08:25.175Z [Modules] No module updates available.
2023-10-25T09:08:29.192Z [Modules] Checking for host updates.
2023-10-25T09:08:29.347Z [Modules] Host is up to date.
2023-10-25T09:08:29.347Z [Modules] Checking for module updates at https://discord.com/api/modules/stable/versions.json
2023-10-25T09:08:29.351Z [Modules] No module updates available.
2023-10-25T10:29:20.088Z [Modules] Checking for host updates.
2023-10-25T10:29:20.373Z [Modules] Host is up to date.
2023-10-25T10:29:20.373Z [Modules] Checking for module updates at https://discord.com/api/modules/stable/versions.json
2023-10-25T10:29:20.419Z [Modules] No module updates available.
2023-10-25T11:29:20.060Z [Modules] Checking for host updates.
2023-10-25T11:29:20.355Z [Modules] Host is up to date.
2023-10-25T11:29:20.356Z [Modules] Checking for module updates at https://discord.com/api/modules/stable/versions.json
2023-10-25T11:29:20.389Z [Modules] No module updates available.
2023-10-25T15:23:13.160Z [Modules] Checking for host updates.
2023-10-25T15:23:13.409Z [Modules] Host is up to date.
2023-10-25T15:23:13.409Z [Modules] Checking for module updates at https://discord.com/api/modules/stable/versions.json
2023-10-25T15:23:13.472Z [Modules] No module updates available.
